This file contains any messages produced by compilers while
running configure, to aid debugging if configure makes a mistake.

It was created by robodoc configure 4.99.43, which was
generated by GNU Autoconf 2.69.  Invocation command line was

  $ ./configure 

## --------- ##
## Platform. ##
## --------- ##

hostname = F6S5YZ1
uname -m = x86_64
uname -r = 2.10.0(0.325/5/3)
uname -s = MINGW64_NT-10.0
uname -v = 2018-06-13 23:34

/usr/bin/uname -p = unknown
/bin/uname -X     = unknown

/bin/arch              = x86_64
/usr/bin/arch -k       = unknown
/usr/convex/getsysinfo = unknown
/usr/bin/hostinfo      = unknown
/bin/machine           = unknown
/usr/bin/oslevel       = unknown
/bin/universe          = unknown

PATH: /c/Users/paul.flanagan/bin
PATH: /mingw64/bin
PATH: /usr/local/bin
PATH: /usr/bin
PATH: /bin
PATH: /mingw64/bin
PATH: /usr/bin
PATH: /c/Users/paul.flanagan/bin
PATH: /c/Program Files (x86)/Common Files/Oracle/Java/javapath
PATH: /c/ProgramData/Oracle/Java/javapath
PATH: /c/WINDOWS/system32
PATH: /c/WINDOWS
PATH: /c/WINDOWS/System32/Wbem
PATH: /c/WINDOWS/System32/WindowsPowerShell/v1.0
PATH: /c/WINDOWS/System32/OpenSSH
PATH: /c/Program Files/doxygen/bin
PATH: /c/Program Files/Java/jdk-10.0.2/bin
PATH: /c/Program Files/Microsoft VS Code/bin
PATH: /c/MinGW/bin
PATH: /c/Users/paul.flanagan/AppData/Local/Microsoft/WindowsApps
PATH: /usr/bin/vendor_perl
PATH: /usr/bin/core_perl
PATH: /c/Program Files/Java/jdk-10.0.2/bin


## ----------- ##
## Core tests. ##
## ----------- ##

configure:2250: checking for a BSD-compatible install
configure:2318: result: /usr/bin/install -c
configure:2329: checking whether build environment is sane
configure:2384: result: yes
configure:2535: checking for a thread-safe mkdir -p
configure:2574: result: /usr/bin/mkdir -p
configure:2581: checking for gawk
configure:2597: found /usr/bin/gawk
configure:2608: result: gawk
configure:2619: checking whether make sets $(MAKE)
configure:2645: result: no
configure:2670: checking whether make supports nested variables
configure:2687: result: no
configure:2827: checking whether make sets $(MAKE)
configure:2853: result: no
configure:2907: checking for gcc
configure:2923: found /c/MinGW/bin/gcc
configure:2934: result: gcc
configure:3163: checking for C compiler version
configure:3172: gcc --version >&5
gcc.exe (MinGW.org GCC-6.3.0-1) 6.3.0
Copyright (C) 2016 Free Software Foundation, Inc.
This is free software; see the source for copying conditions.  There is NO
warranty; not even for MERCHANTABILITY or FITNESS FOR A PARTICULAR PURPOSE.

configure:3183: $? = 0
configure:3172: gcc -v >&5
Using built-in specs.
COLLECT_GCC=C:\MinGW\bin\gcc.exe
COLLECT_LTO_WRAPPER=c:/mingw/bin/../libexec/gcc/mingw32/6.3.0/lto-wrapper.exe
Target: mingw32
Configured with: ../src/gcc-6.3.0/configure --build=x86_64-pc-linux-gnu --host=mingw32 --target=mingw32 --with-gmp=/mingw --with-mpfr --with-mpc=/mingw --with-isl=/mingw --prefix=/mingw --disable-win32-registry --with-arch=i586 --with-tune=generic --enable-languages=c,c++,objc,obj-c++,fortran,ada --with-pkgversion='MinGW.org GCC-6.3.0-1' --enable-static --enable-shared --enable-threads --with-dwarf2 --disable-sjlj-exceptions --enable-version-specific-runtime-libs --with-libiconv-prefix=/mingw --with-libintl-prefix=/mingw --enable-libstdcxx-debug --enable-libgomp --disable-libvtv --enable-nls
Thread model: win32
gcc version 6.3.0 (MinGW.org GCC-6.3.0-1) 
configure:3183: $? = 0
configure:3172: gcc -V >&5
gcc.exe: error: unrecognized command line option '-V'
gcc.exe: fatal error: no input files
compilation terminated.
configure:3183: $? = 1
configure:3172: gcc -qversion >&5
gcc.exe: error: unrecognized command line option '-qversion'; did you mean '--version'?
gcc.exe: fatal error: no input files
compilation terminated.
configure:3183: $? = 1
configure:3203: checking whether the C compiler works
configure:3225: gcc    conftest.c  >&5
configure:3229: $? = 0
configure:3277: result: yes
configure:3280: checking for C compiler default output file name
configure:3282: result: a.exe
configure:3288: checking for suffix of executables
configure:3295: gcc -o conftest.exe    conftest.c  >&5
configure:3299: $? = 0
configure:3321: result: .exe
configure:3343: checking whether we are cross compiling
configure:3351: gcc -o conftest.exe    conftest.c  >&5
configure:3355: $? = 0
configure:3362: ./conftest.exe
configure:3366: $? = 0
configure:3381: result: no
configure:3386: checking for suffix of object files
configure:3408: gcc -c   conftest.c >&5
configure:3412: $? = 0
configure:3433: result: o
configure:3437: checking whether we are using the GNU C compiler
configure:3456: gcc -c   conftest.c >&5
configure:3456: $? = 0
configure:3465: result: yes
configure:3474: checking whether gcc accepts -g
configure:3494: gcc -c -g  conftest.c >&5
configure:3494: $? = 0
configure:3535: result: yes
configure:3552: checking for gcc option to accept ISO C89
configure:3615: gcc  -c -g -O2  conftest.c >&5
configure:3615: $? = 0
configure:3628: result: none needed
configure:3653: checking whether gcc understands -c and -o together
configure:3675: gcc -c conftest.c -o conftest2.o
configure:3678: $? = 0
configure:3675: gcc -c conftest.c -o conftest2.o
configure:3678: $? = 0
configure:3690: result: yes
configure:3718: checking for style of include used by make
configure:3746: result: none
configure:3772: checking dependency style of gcc
configure:3883: result: none
configure:3908: checking how to run the C preprocessor
configure:3939: gcc -E  conftest.c
configure:3939: $? = 0
configure:3953: gcc -E  conftest.c
conftest.c:12:28: fatal error: ac_nonexistent.h: No such file or directory
 #include <ac_nonexistent.h>
                            ^
compilation terminated.
configure:3953: $? = 1
configure: failed program was:
| /* confdefs.h */
| #define PACKAGE_NAME "robodoc"
| #define PACKAGE_TARNAME "robodoc"
| #define PACKAGE_VERSION "4.99.43"
| #define PACKAGE_STRING "robodoc 4.99.43"
| #define PACKAGE_BUGREPORT ""
| #define PACKAGE_URL ""
| #define PACKAGE "robodoc"
| #define VERSION "4.99.43"
| #define ROBO_PREFIX "/usr/local"
| /* end confdefs.h.  */
| #include <ac_nonexistent.h>
configure:3978: result: gcc -E
configure:3998: gcc -E  conftest.c
configure:3998: $? = 0
configure:4012: gcc -E  conftest.c
conftest.c:12:28: fatal error: ac_nonexistent.h: No such file or directory
 #include <ac_nonexistent.h>
                            ^
compilation terminated.
configure:4012: $? = 1
configure: failed program was:
| /* confdefs.h */
| #define PACKAGE_NAME "robodoc"
| #define PACKAGE_TARNAME "robodoc"
| #define PACKAGE_VERSION "4.99.43"
| #define PACKAGE_STRING "robodoc 4.99.43"
| #define PACKAGE_BUGREPORT ""
| #define PACKAGE_URL ""
| #define PACKAGE "robodoc"
| #define VERSION "4.99.43"
| #define ROBO_PREFIX "/usr/local"
| /* end confdefs.h.  */
| #include <ac_nonexistent.h>
configure:4041: checking for grep that handles long lines and -e
configure:4099: result: /usr/bin/grep
configure:4104: checking for egrep
configure:4166: result: /usr/bin/grep -E
configure:4171: checking for ANSI C header files
configure:4191: gcc -c -g -O2  conftest.c >&5
configure:4191: $? = 0
configure:4264: gcc -o conftest.exe -g -O2   conftest.c  >&5
configure:4264: $? = 0
configure:4264: ./conftest.exe
configure:4264: $? = 0
configure:4275: result: yes
configure:4287: checking build system type
configure:4301: result: x86_64-pc-mingw64
configure:4321: checking host system type
configure:4334: result: x86_64-pc-mingw64
configure:4377: checking for an ANSI C-conforming const
configure:4443: gcc -c -g -O2  conftest.c >&5
configure:4443: $? = 0
configure:4450: result: yes
configure:4463: checking for sys/types.h
configure:4463: gcc -c -g -O2  conftest.c >&5
configure:4463: $? = 0
configure:4463: result: yes
configure:4463: checking for sys/stat.h
configure:4463: gcc -c -g -O2  conftest.c >&5
configure:4463: $? = 0
configure:4463: result: yes
configure:4463: checking for stdlib.h
configure:4463: gcc -c -g -O2  conftest.c >&5
configure:4463: $? = 0
configure:4463: result: yes
configure:4463: checking for string.h
configure:4463: gcc -c -g -O2  conftest.c >&5
configure:4463: $? = 0
configure:4463: result: yes
configure:4463: checking for memory.h
configure:4463: gcc -c -g -O2  conftest.c >&5
configure:4463: $? = 0
configure:4463: result: yes
configure:4463: checking for strings.h
configure:4463: gcc -c -g -O2  conftest.c >&5
configure:4463: $? = 0
configure:4463: result: yes
configure:4463: checking for inttypes.h
configure:4463: gcc -c -g -O2  conftest.c >&5
configure:4463: $? = 0
configure:4463: result: yes
configure:4463: checking for stdint.h
configure:4463: gcc -c -g -O2  conftest.c >&5
configure:4463: $? = 0
configure:4463: result: yes
configure:4463: checking for unistd.h
configure:4463: gcc -c -g -O2  conftest.c >&5
configure:4463: $? = 0
configure:4463: result: yes
configure:4475: checking for size_t
configure:4475: gcc -c -g -O2  conftest.c >&5
configure:4475: $? = 0
configure:4475: gcc -c -g -O2  conftest.c >&5
conftest.c: In function 'main':
conftest.c:58:21: error: expected expression before ')' token
 if (sizeof ((size_t)))
                     ^
configure:4475: $? = 1
configure: failed program was:
| /* confdefs.h */
| #define PACKAGE_NAME "robodoc"
| #define PACKAGE_TARNAME "robodoc"
| #define PACKAGE_VERSION "4.99.43"
| #define PACKAGE_STRING "robodoc 4.99.43"
| #define PACKAGE_BUGREPORT ""
| #define PACKAGE_URL ""
| #define PACKAGE "robodoc"
| #define VERSION "4.99.43"
| #define ROBO_PREFIX "/usr/local"
| #define STDC_HEADERS 1
| #define HAVE_SYS_TYPES_H 1
| #define HAVE_SYS_STAT_H 1
| #define HAVE_STDLIB_H 1
| #define HAVE_STRING_H 1
| #define HAVE_MEMORY_H 1
| #define HAVE_STRINGS_H 1
| #define HAVE_INTTYPES_H 1
| #define HAVE_STDINT_H 1
| #define HAVE_UNISTD_H 1
| /* end confdefs.h.  */
| #include <stdio.h>
| #ifdef HAVE_SYS_TYPES_H
| # include <sys/types.h>
| #endif
| #ifdef HAVE_SYS_STAT_H
| # include <sys/stat.h>
| #endif
| #ifdef STDC_HEADERS
| # include <stdlib.h>
| # include <stddef.h>
| #else
| # ifdef HAVE_STDLIB_H
| #  include <stdlib.h>
| # endif
| #endif
| #ifdef HAVE_STRING_H
| # if !defined STDC_HEADERS && defined HAVE_MEMORY_H
| #  include <memory.h>
| # endif
| # include <string.h>
| #endif
| #ifdef HAVE_STRINGS_H
| # include <strings.h>
| #endif
| #ifdef HAVE_INTTYPES_H
| # include <inttypes.h>
| #endif
| #ifdef HAVE_STDINT_H
| # include <stdint.h>
| #endif
| #ifdef HAVE_UNISTD_H
| # include <unistd.h>
| #endif
| int
| main ()
| {
| if (sizeof ((size_t)))
| 	    return 0;
|   ;
|   return 0;
| }
configure:4475: result: yes
configure:4489: checking for strftime
configure:4489: gcc -o conftest.exe -g -O2   conftest.c  >&5
conftest.c:45:6: warning: conflicting types for built-in function 'strftime'
 char strftime ();
      ^~~~~~~~
configure:4489: $? = 0
configure:4489: result: yes
configure:4544: checking for vprintf
configure:4544: gcc -o conftest.exe -g -O2   conftest.c  >&5
conftest.c:46:6: warning: conflicting types for built-in function 'vprintf'
 char vprintf ();
      ^~~~~~~
configure:4544: $? = 0
configure:4544: result: yes
configure:4550: checking for _doprnt
configure:4550: gcc -o conftest.exe -g -O2   conftest.c  >&5
C:\Users\PAUL~1.FLA\AppData\Local\Temp\ccAs2uaE.o: In function `main':
C:\Users\paul.flanagan\MainDirectory\DocsGenerators\ROBODoc\robodoc-4.99.43/conftest.c:58: undefined reference to `_doprnt'
collect2.exe: error: ld returned 1 exit status
configure:4550: $? = 1
configure: failed program was:
| /* confdefs.h */
| #define PACKAGE_NAME "robodoc"
| #define PACKAGE_TARNAME "robodoc"
| #define PACKAGE_VERSION "4.99.43"
| #define PACKAGE_STRING "robodoc 4.99.43"
| #define PACKAGE_BUGREPORT ""
| #define PACKAGE_URL ""
| #define PACKAGE "robodoc"
| #define VERSION "4.99.43"
| #define ROBO_PREFIX "/usr/local"
| #define STDC_HEADERS 1
| #define HAVE_SYS_TYPES_H 1
| #define HAVE_SYS_STAT_H 1
| #define HAVE_STDLIB_H 1
| #define HAVE_STRING_H 1
| #define HAVE_MEMORY_H 1
| #define HAVE_STRINGS_H 1
| #define HAVE_INTTYPES_H 1
| #define HAVE_STDINT_H 1
| #define HAVE_UNISTD_H 1
| #define HAVE_STRFTIME 1
| #define HAVE_VPRINTF 1
| /* end confdefs.h.  */
| /* Define _doprnt to an innocuous variant, in case <limits.h> declares _doprnt.
|    For example, HP-UX 11i <limits.h> declares gettimeofday.  */
| #define _doprnt innocuous__doprnt
| 
| /* System header to define __stub macros and hopefully few prototypes,
|     which can conflict with char _doprnt (); below.
|     Prefer <limits.h> to <assert.h> if __STDC__ is defined, since
|     <limits.h> exists even on freestanding compilers.  */
| 
| #ifdef __STDC__
| # include <limits.h>
| #else
| # include <assert.h>
| #endif
| 
| #undef _doprnt
| 
| /* Override any GCC internal prototype to avoid an error.
|    Use char because int might match the return type of a GCC
|    builtin and then its argument prototype would still apply.  */
| #ifdef __cplusplus
| extern "C"
| #endif
| char _doprnt ();
| /* The GNU C library defines this for functions which it implements
|     to always fail with ENOSYS.  Some functions are actually named
|     something starting with __ and the normal name is an alias.  */
| #if defined __stub__doprnt || defined __stub____doprnt
| choke me
| #endif
| 
| int
| main ()
| {
| return _doprnt ();
|   ;
|   return 0;
| }
configure:4550: result: no
configure:4561: checking for pid_t
configure:4561: gcc -c -g -O2  conftest.c >&5
configure:4561: $? = 0
configure:4561: gcc -c -g -O2  conftest.c >&5
conftest.c: In function 'main':
conftest.c:60:20: error: expected expression before ')' token
 if (sizeof ((pid_t)))
                    ^
configure:4561: $? = 1
configure: failed program was:
| /* confdefs.h */
| #define PACKAGE_NAME "robodoc"
| #define PACKAGE_TARNAME "robodoc"
| #define PACKAGE_VERSION "4.99.43"
| #define PACKAGE_STRING "robodoc 4.99.43"
| #define PACKAGE_BUGREPORT ""
| #define PACKAGE_URL ""
| #define PACKAGE "robodoc"
| #define VERSION "4.99.43"
| #define ROBO_PREFIX "/usr/local"
| #define STDC_HEADERS 1
| #define HAVE_SYS_TYPES_H 1
| #define HAVE_SYS_STAT_H 1
| #define HAVE_STDLIB_H 1
| #define HAVE_STRING_H 1
| #define HAVE_MEMORY_H 1
| #define HAVE_STRINGS_H 1
| #define HAVE_INTTYPES_H 1
| #define HAVE_STDINT_H 1
| #define HAVE_UNISTD_H 1
| #define HAVE_STRFTIME 1
| #define HAVE_VPRINTF 1
| /* end confdefs.h.  */
| #include <stdio.h>
| #ifdef HAVE_SYS_TYPES_H
| # include <sys/types.h>
| #endif
| #ifdef HAVE_SYS_STAT_H
| # include <sys/stat.h>
| #endif
| #ifdef STDC_HEADERS
| # include <stdlib.h>
| # include <stddef.h>
| #else
| # ifdef HAVE_STDLIB_H
| #  include <stdlib.h>
| # endif
| #endif
| #ifdef HAVE_STRING_H
| # if !defined STDC_HEADERS && defined HAVE_MEMORY_H
| #  include <memory.h>
| # endif
| # include <string.h>
| #endif
| #ifdef HAVE_STRINGS_H
| # include <strings.h>
| #endif
| #ifdef HAVE_INTTYPES_H
| # include <inttypes.h>
| #endif
| #ifdef HAVE_STDINT_H
| # include <stdint.h>
| #endif
| #ifdef HAVE_UNISTD_H
| # include <unistd.h>
| #endif
| int
| main ()
| {
| if (sizeof ((pid_t)))
| 	    return 0;
|   ;
|   return 0;
| }
configure:4561: result: yes
configure:4574: checking vfork.h usability
configure:4574: gcc -c -g -O2  conftest.c >&5
conftest.c:57:19: fatal error: vfork.h: No such file or directory
 #include <vfork.h>
                   ^
compilation terminated.
configure:4574: $? = 1
configure: failed program was:
| /* confdefs.h */
| #define PACKAGE_NAME "robodoc"
| #define PACKAGE_TARNAME "robodoc"
| #define PACKAGE_VERSION "4.99.43"
| #define PACKAGE_STRING "robodoc 4.99.43"
| #define PACKAGE_BUGREPORT ""
| #define PACKAGE_URL ""
| #define PACKAGE "robodoc"
| #define VERSION "4.99.43"
| #define ROBO_PREFIX "/usr/local"
| #define STDC_HEADERS 1
| #define HAVE_SYS_TYPES_H 1
| #define HAVE_SYS_STAT_H 1
| #define HAVE_STDLIB_H 1
| #define HAVE_STRING_H 1
| #define HAVE_MEMORY_H 1
| #define HAVE_STRINGS_H 1
| #define HAVE_INTTYPES_H 1
| #define HAVE_STDINT_H 1
| #define HAVE_UNISTD_H 1
| #define HAVE_STRFTIME 1
| #define HAVE_VPRINTF 1
| /* end confdefs.h.  */
| #include <stdio.h>
| #ifdef HAVE_SYS_TYPES_H
| # include <sys/types.h>
| #endif
| #ifdef HAVE_SYS_STAT_H
| # include <sys/stat.h>
| #endif
| #ifdef STDC_HEADERS
| # include <stdlib.h>
| # include <stddef.h>
| #else
| # ifdef HAVE_STDLIB_H
| #  include <stdlib.h>
| # endif
| #endif
| #ifdef HAVE_STRING_H
| # if !defined STDC_HEADERS && defined HAVE_MEMORY_H
| #  include <memory.h>
| # endif
| # include <string.h>
| #endif
| #ifdef HAVE_STRINGS_H
| # include <strings.h>
| #endif
| #ifdef HAVE_INTTYPES_H
| # include <inttypes.h>
| #endif
| #ifdef HAVE_STDINT_H
| # include <stdint.h>
| #endif
| #ifdef HAVE_UNISTD_H
| # include <unistd.h>
| #endif
| #include <vfork.h>
configure:4574: result: no
configure:4574: checking vfork.h presence
configure:4574: gcc -E  conftest.c
conftest.c:24:19: fatal error: vfork.h: No such file or directory
 #include <vfork.h>
                   ^
compilation terminated.
configure:4574: $? = 1
configure: failed program was:
| /* confdefs.h */
| #define PACKAGE_NAME "robodoc"
| #define PACKAGE_TARNAME "robodoc"
| #define PACKAGE_VERSION "4.99.43"
| #define PACKAGE_STRING "robodoc 4.99.43"
| #define PACKAGE_BUGREPORT ""
| #define PACKAGE_URL ""
| #define PACKAGE "robodoc"
| #define VERSION "4.99.43"
| #define ROBO_PREFIX "/usr/local"
| #define STDC_HEADERS 1
| #define HAVE_SYS_TYPES_H 1
| #define HAVE_SYS_STAT_H 1
| #define HAVE_STDLIB_H 1
| #define HAVE_STRING_H 1
| #define HAVE_MEMORY_H 1
| #define HAVE_STRINGS_H 1
| #define HAVE_INTTYPES_H 1
| #define HAVE_STDINT_H 1
| #define HAVE_UNISTD_H 1
| #define HAVE_STRFTIME 1
| #define HAVE_VPRINTF 1
| /* end confdefs.h.  */
| #include <vfork.h>
configure:4574: result: no
configure:4574: checking for vfork.h
configure:4574: result: no
configure:4587: checking for fork
configure:4587: gcc -o conftest.exe -g -O2   conftest.c  >&5
conftest.c:47:6: warning: conflicting types for built-in function 'fork'
 char fork ();
      ^~~~
C:\Users\PAUL~1.FLA\AppData\Local\Temp\ccsTciXw.o: In function `main':
C:\Users\paul.flanagan\MainDirectory\DocsGenerators\ROBODoc\robodoc-4.99.43/conftest.c:58: undefined reference to `fork'
collect2.exe: error: ld returned 1 exit status
configure:4587: $? = 1
configure: failed program was:
| /* confdefs.h */
| #define PACKAGE_NAME "robodoc"
| #define PACKAGE_TARNAME "robodoc"
| #define PACKAGE_VERSION "4.99.43"
| #define PACKAGE_STRING "robodoc 4.99.43"
| #define PACKAGE_BUGREPORT ""
| #define PACKAGE_URL ""
| #define PACKAGE "robodoc"
| #define VERSION "4.99.43"
| #define ROBO_PREFIX "/usr/local"
| #define STDC_HEADERS 1
| #define HAVE_SYS_TYPES_H 1
| #define HAVE_SYS_STAT_H 1
| #define HAVE_STDLIB_H 1
| #define HAVE_STRING_H 1
| #define HAVE_MEMORY_H 1
| #define HAVE_STRINGS_H 1
| #define HAVE_INTTYPES_H 1
| #define HAVE_STDINT_H 1
| #define HAVE_UNISTD_H 1
| #define HAVE_STRFTIME 1
| #define HAVE_VPRINTF 1
| /* end confdefs.h.  */
| /* Define fork to an innocuous variant, in case <limits.h> declares fork.
|    For example, HP-UX 11i <limits.h> declares gettimeofday.  */
| #define fork innocuous_fork
| 
| /* System header to define __stub macros and hopefully few prototypes,
|     which can conflict with char fork (); below.
|     Prefer <limits.h> to <assert.h> if __STDC__ is defined, since
|     <limits.h> exists even on freestanding compilers.  */
| 
| #ifdef __STDC__
| # include <limits.h>
| #else
| # include <assert.h>
| #endif
| 
| #undef fork
| 
| /* Override any GCC internal prototype to avoid an error.
|    Use char because int might match the return type of a GCC
|    builtin and then its argument prototype would still apply.  */
| #ifdef __cplusplus
| extern "C"
| #endif
| char fork ();
| /* The GNU C library defines this for functions which it implements
|     to always fail with ENOSYS.  Some functions are actually named
|     something starting with __ and the normal name is an alias.  */
| #if defined __stub_fork || defined __stub___fork
| choke me
| #endif
| 
| int
| main ()
| {
| return fork ();
|   ;
|   return 0;
| }
configure:4587: result: no
configure:4587: checking for vfork
configure:4587: gcc -o conftest.exe -g -O2   conftest.c  >&5
C:\Users\PAUL~1.FLA\AppData\Local\Temp\cckupYmg.o: In function `main':
C:\Users\paul.flanagan\MainDirectory\DocsGenerators\ROBODoc\robodoc-4.99.43/conftest.c:58: undefined reference to `vfork'
collect2.exe: error: ld returned 1 exit status
configure:4587: $? = 1
configure: failed program was:
| /* confdefs.h */
| #define PACKAGE_NAME "robodoc"
| #define PACKAGE_TARNAME "robodoc"
| #define PACKAGE_VERSION "4.99.43"
| #define PACKAGE_STRING "robodoc 4.99.43"
| #define PACKAGE_BUGREPORT ""
| #define PACKAGE_URL ""
| #define PACKAGE "robodoc"
| #define VERSION "4.99.43"
| #define ROBO_PREFIX "/usr/local"
| #define STDC_HEADERS 1
| #define HAVE_SYS_TYPES_H 1
| #define HAVE_SYS_STAT_H 1
| #define HAVE_STDLIB_H 1
| #define HAVE_STRING_H 1
| #define HAVE_MEMORY_H 1
| #define HAVE_STRINGS_H 1
| #define HAVE_INTTYPES_H 1
| #define HAVE_STDINT_H 1
| #define HAVE_UNISTD_H 1
| #define HAVE_STRFTIME 1
| #define HAVE_VPRINTF 1
| /* end confdefs.h.  */
| /* Define vfork to an innocuous variant, in case <limits.h> declares vfork.
|    For example, HP-UX 11i <limits.h> declares gettimeofday.  */
| #define vfork innocuous_vfork
| 
| /* System header to define __stub macros and hopefully few prototypes,
|     which can conflict with char vfork (); below.
|     Prefer <limits.h> to <assert.h> if __STDC__ is defined, since
|     <limits.h> exists even on freestanding compilers.  */
| 
| #ifdef __STDC__
| # include <limits.h>
| #else
| # include <assert.h>
| #endif
| 
| #undef vfork
| 
| /* Override any GCC internal prototype to avoid an error.
|    Use char because int might match the return type of a GCC
|    builtin and then its argument prototype would still apply.  */
| #ifdef __cplusplus
| extern "C"
| #endif
| char vfork ();
| /* The GNU C library defines this for functions which it implements
|     to always fail with ENOSYS.  Some functions are actually named
|     something starting with __ and the normal name is an alias.  */
| #if defined __stub_vfork || defined __stub___vfork
| choke me
| #endif
| 
| int
| main ()
| {
| return vfork ();
|   ;
|   return 0;
| }
configure:4587: result: no
configure:4788: checking for strstr
configure:4788: gcc -o conftest.exe -g -O2   conftest.c  >&5
conftest.c:48:6: warning: conflicting types for built-in function 'strstr'
 char strstr ();
      ^~~~~~
configure:4788: $? = 0
configure:4788: result: yes
configure:4788: checking for snprintf
configure:4788: gcc -o conftest.exe -g -O2   conftest.c  >&5
conftest.c:49:6: warning: conflicting types for built-in function 'snprintf'
 char snprintf ();
      ^~~~~~~~
configure:4788: $? = 0
configure:4788: result: yes
configure:4788: checking for symlink
configure:4788: gcc -o conftest.exe -g -O2   conftest.c  >&5
C:\Users\PAUL~1.FLA\AppData\Local\Temp\ccMBKymA.o: In function `main':
C:\Users\paul.flanagan\MainDirectory\DocsGenerators\ROBODoc\robodoc-4.99.43/conftest.c:61: undefined reference to `symlink'
collect2.exe: error: ld returned 1 exit status
configure:4788: $? = 1
configure: failed program was:
| /* confdefs.h */
| #define PACKAGE_NAME "robodoc"
| #define PACKAGE_TARNAME "robodoc"
| #define PACKAGE_VERSION "4.99.43"
| #define PACKAGE_STRING "robodoc 4.99.43"
| #define PACKAGE_BUGREPORT ""
| #define PACKAGE_URL ""
| #define PACKAGE "robodoc"
| #define VERSION "4.99.43"
| #define ROBO_PREFIX "/usr/local"
| #define STDC_HEADERS 1
| #define HAVE_SYS_TYPES_H 1
| #define HAVE_SYS_STAT_H 1
| #define HAVE_STDLIB_H 1
| #define HAVE_STRING_H 1
| #define HAVE_MEMORY_H 1
| #define HAVE_STRINGS_H 1
| #define HAVE_INTTYPES_H 1
| #define HAVE_STDINT_H 1
| #define HAVE_UNISTD_H 1
| #define HAVE_STRFTIME 1
| #define HAVE_VPRINTF 1
| #define vfork fork
| #define HAVE_STRSTR 1
| #define HAVE_SNPRINTF 1
| /* end confdefs.h.  */
| /* Define symlink to an innocuous variant, in case <limits.h> declares symlink.
|    For example, HP-UX 11i <limits.h> declares gettimeofday.  */
| #define symlink innocuous_symlink
| 
| /* System header to define __stub macros and hopefully few prototypes,
|     which can conflict with char symlink (); below.
|     Prefer <limits.h> to <assert.h> if __STDC__ is defined, since
|     <limits.h> exists even on freestanding compilers.  */
| 
| #ifdef __STDC__
| # include <limits.h>
| #else
| # include <assert.h>
| #endif
| 
| #undef symlink
| 
| /* Override any GCC internal prototype to avoid an error.
|    Use char because int might match the return type of a GCC
|    builtin and then its argument prototype would still apply.  */
| #ifdef __cplusplus
| extern "C"
| #endif
| char symlink ();
| /* The GNU C library defines this for functions which it implements
|     to always fail with ENOSYS.  Some functions are actually named
|     something starting with __ and the normal name is an alias.  */
| #if defined __stub_symlink || defined __stub___symlink
| choke me
| #endif
| 
| int
| main ()
| {
| return symlink ();
|   ;
|   return 0;
| }
configure:4788: result: no
configure:4920: checking that generated files are newer than configure
configure:4926: result: done
configure:4953: creating ./config.status

## ---------------------- ##
## Running config.status. ##
## ---------------------- ##

This file was extended by robodoc config.status 4.99.43, which was
generated by GNU Autoconf 2.69.  Invocation command line was

  CONFIG_FILES    = 
  CONFIG_HEADERS  = 
  CONFIG_LINKS    = 
  CONFIG_COMMANDS = 
  $ ./config.status 

on F6S5YZ1

config.status:874: creating makefile
config.status:874: creating Docs/makefile
config.status:874: creating Docs/robodoc.1
config.status:874: creating Docs/robohdrs.1
config.status:874: creating Source/makefile
config.status:874: creating Source/config.h
config.status:1055: Source/config.h is unchanged
config.status:1103: executing depfiles commands

## ---------------- ##
## Cache variables. ##
## ---------------- ##

ac_cv_build=x86_64-pc-mingw64
ac_cv_c_compiler_gnu=yes
ac_cv_c_const=yes
ac_cv_env_CC_set=
ac_cv_env_CC_value=
ac_cv_env_CFLAGS_set=
ac_cv_env_CFLAGS_value=
ac_cv_env_CPPFLAGS_set=
ac_cv_env_CPPFLAGS_value=
ac_cv_env_CPP_set=
ac_cv_env_CPP_value=
ac_cv_env_LDFLAGS_set=
ac_cv_env_LDFLAGS_value=
ac_cv_env_LIBS_set=
ac_cv_env_LIBS_value=
ac_cv_env_build_alias_set=
ac_cv_env_build_alias_value=
ac_cv_env_host_alias_set=
ac_cv_env_host_alias_value=
ac_cv_env_target_alias_set=
ac_cv_env_target_alias_value=
ac_cv_exeext=.exe
ac_cv_func__doprnt=no
ac_cv_func_fork=no
ac_cv_func_fork_works=no
ac_cv_func_snprintf=yes
ac_cv_func_strftime=yes
ac_cv_func_strstr=yes
ac_cv_func_symlink=no
ac_cv_func_vfork=no
ac_cv_func_vfork_works=no
ac_cv_func_vprintf=yes
ac_cv_header_inttypes_h=yes
ac_cv_header_memory_h=yes
ac_cv_header_stdc=yes
ac_cv_header_stdint_h=yes
ac_cv_header_stdlib_h=yes
ac_cv_header_string_h=yes
ac_cv_header_strings_h=yes
ac_cv_header_sys_stat_h=yes
ac_cv_header_sys_types_h=yes
ac_cv_header_unistd_h=yes
ac_cv_header_vfork_h=no
ac_cv_host=x86_64-pc-mingw64
ac_cv_objext=o
ac_cv_path_EGREP='/usr/bin/grep -E'
ac_cv_path_GREP=/usr/bin/grep
ac_cv_path_install='/usr/bin/install -c'
ac_cv_path_mkdir=/usr/bin/mkdir
ac_cv_prog_AWK=gawk
ac_cv_prog_CPP='gcc -E'
ac_cv_prog_ac_ct_CC=gcc
ac_cv_prog_cc_c89=
ac_cv_prog_cc_g=yes
ac_cv_prog_make_make_set=no
ac_cv_type_pid_t=yes
ac_cv_type_size_t=yes
am_cv_CC_dependencies_compiler_type=none
am_cv_make_support_nested_variables=no
am_cv_prog_cc_c_o=yes

## ----------------- ##
## Output variables. ##
## ----------------- ##

ACLOCAL='${SHELL} /c/Users/paul.flanagan/MainDirectory/DocsGenerators/ROBODoc/robodoc-4.99.43/missing aclocal-1.15'
AMDEPBACKSLASH='\'
AMDEP_FALSE='#'
AMDEP_TRUE=''
AMTAR='$${TAR-tar}'
AM_BACKSLASH='\'
AM_DEFAULT_V='1'
AM_DEFAULT_VERBOSITY='1'
AM_V='1'
AUTOCONF='${SHELL} /c/Users/paul.flanagan/MainDirectory/DocsGenerators/ROBODoc/robodoc-4.99.43/missing autoconf'
AUTOHEADER='${SHELL} /c/Users/paul.flanagan/MainDirectory/DocsGenerators/ROBODoc/robodoc-4.99.43/missing autoheader'
AUTOMAKE='${SHELL} /c/Users/paul.flanagan/MainDirectory/DocsGenerators/ROBODoc/robodoc-4.99.43/missing automake-1.15'
AWK='gawk'
CC='gcc'
CCDEPMODE='depmode=none'
CFLAGS='-g -O2'
CPP='gcc -E'
CPPFLAGS=''
CYGPATH_W='cygpath -w'
DEFS='-DHAVE_CONFIG_H'
DEPDIR='.deps'
ECHO_C=''
ECHO_N='-n'
ECHO_T=''
EGREP='/usr/bin/grep -E'
EXEEXT='.exe'
FINK_FALSE=''
FINK_TRUE='#'
GREP='/usr/bin/grep'
INSTALL_DATA='${INSTALL} -m 644'
INSTALL_PROGRAM='${INSTALL}'
INSTALL_SCRIPT='${INSTALL}'
INSTALL_STRIP_PROGRAM='$(install_sh) -c -s'
LDFLAGS=''
LIBOBJS=''
LIBS=''
LTLIBOBJS=''
MAKEINFO='${SHELL} /c/Users/paul.flanagan/MainDirectory/DocsGenerators/ROBODoc/robodoc-4.99.43/missing makeinfo'
MKDIR_P='/usr/bin/mkdir -p'
OBJEXT='o'
PACKAGE='robodoc'
PACKAGE_BUGREPORT=''
PACKAGE_NAME='robodoc'
PACKAGE_STRING='robodoc 4.99.43'
PACKAGE_TARNAME='robodoc'
PACKAGE_URL=''
PACKAGE_VERSION='4.99.43'
PATH_SEPARATOR=':'
SET_MAKE='MAKE=make'
SHELL='/bin/sh'
STRIP=''
VERSION='4.99.43'
ac_ct_CC='gcc'
am__EXEEXT_FALSE='#'
am__EXEEXT_TRUE=''
am__fastdepCC_FALSE=''
am__fastdepCC_TRUE='#'
am__include='#'
am__isrc=''
am__leading_dot='.'
am__nodep='_no'
am__quote=''
am__tar='$${TAR-tar} chof - "$$tardir"'
am__untar='$${TAR-tar} xf -'
bindir='${exec_prefix}/bin'
build='x86_64-pc-mingw64'
build_alias=''
build_cpu='x86_64'
build_os='mingw64'
build_vendor='pc'
datadir='${datarootdir}'
datarootdir='${prefix}/share'
docdir='${datarootdir}/doc/${PACKAGE_TARNAME}'
dvidir='${docdir}'
exec_prefix='${prefix}'
host='x86_64-pc-mingw64'
host_alias=''
host_cpu='x86_64'
host_os='mingw64'
host_vendor='pc'
htmldir='${docdir}'
includedir='${prefix}/include'
infodir='${datarootdir}/info'
install_sh='${SHELL} /c/Users/paul.flanagan/MainDirectory/DocsGenerators/ROBODoc/robodoc-4.99.43/install-sh'
libdir='${exec_prefix}/lib'
libexecdir='${exec_prefix}/libexec'
localedir='${datarootdir}/locale'
localstatedir='${prefix}/var'
mandir='${datarootdir}/man'
mkdir_p='$(MKDIR_P)'
oldincludedir='/usr/include'
pdfdir='${docdir}'
prefix='/usr/local'
program_transform_name='s,x,x,'
psdir='${docdir}'
sbindir='${exec_prefix}/sbin'
sharedstatedir='${prefix}/com'
sysconfdir='${prefix}/etc'
target_alias=''

## ----------- ##
## confdefs.h. ##
## ----------- ##

/* confdefs.h */
#define PACKAGE_NAME "robodoc"
#define PACKAGE_TARNAME "robodoc"
#define PACKAGE_VERSION "4.99.43"
#define PACKAGE_STRING "robodoc 4.99.43"
#define PACKAGE_BUGREPORT ""
#define PACKAGE_URL ""
#define PACKAGE "robodoc"
#define VERSION "4.99.43"
#define ROBO_PREFIX "/usr/local"
#define STDC_HEADERS 1
#define HAVE_SYS_TYPES_H 1
#define HAVE_SYS_STAT_H 1
#define HAVE_STDLIB_H 1
#define HAVE_STRING_H 1
#define HAVE_MEMORY_H 1
#define HAVE_STRINGS_H 1
#define HAVE_INTTYPES_H 1
#define HAVE_STDINT_H 1
#define HAVE_UNISTD_H 1
#define HAVE_STRFTIME 1
#define HAVE_VPRINTF 1
#define vfork fork
#define HAVE_STRSTR 1
#define HAVE_SNPRINTF 1
#define ROBO_CFLAGS "-g -O2"
#define ROBO_HOST "x86_64-pc-mingw64"

configure: exit 0
