Kernash

Level 1 of the Dungeon
(0, 0, D:1)
  a club
(7, 18, D:1)
  a club
(13, 27, D:1)
  a dagger
(16, 32, D:1)
  a ring mail
(24, -10, D:1)
  a club
(40, 18, D:1)
  a club
(43, 29, D:1)
  a club
(47, 4, D:1)
  14 poisoned needles
(47, 32, D:1)
  a short sword

Level 2 of the Dungeon
(0, 0, D:2)
  a leather armour
(2, -1, D:2)
  a club
(2, 0, D:2)
  a club
(21, 31, D:2)
  a long sword
(22, 1, D:2)
  a club
(23, 1, D:2)
  a dagger
(24, 2, D:2)
  a club
(26, -2, D:2)
  a ring mail
(34, 1, D:2)
  a plate armour
(34, 7, D:2)
  a stone
(36, 8, D:2)
  a stone
(38, 10, D:2)
  a dagger
(39, 9, D:2)
  a short sword
(40, -5, D:2)
  17 arrows
(46, 21, D:2)
  a shield
(51, 2, D:2)
  21 stones
(54, 2, D:2)
  8 stones

Level 3 of the Dungeon
(0, 0, D:3)
  a dagger
(3, -18, D:3)
  a club
(5, -22, D:3)
  28 bolts
(7, -15, D:3)
  a stone
(7, -2, D:3)
  a club
(9, -21, D:3)
  a flail
(10, -22, D:3)
  a flail
  a ring mail
  a shield
(17, -25, D:3)
  a falchion
(19, -24, D:3)
  5 large rocks
(23, -27, D:3)
  a club
(24, -3, D:3)
  a potion of degeneration
(32, -19, D:3)
  a ring mail
  a club
(32, -18, D:3)
  7 poisoned needles
  an uncursed short sword
  a blowgun
(33, -18, D:3)
  a club
  a short sword
  a ring mail
  a hand axe
  a leather armour
(34, -25, D:3)
  a poisoned needle
(35, -27, D:3)
  2 poisoned needles
(35, -26, D:3)
  a poisoned needle
(36, -18, D:3)
  a poisoned needle
(37, -29, D:3)
  a poisoned needle
(52, -24, D:3)
  a helmet
(60, -3, D:3)
  20 bolts
(62, -18, D:3)
  21 poisoned needles

Level 4 of the Dungeon
(0, 0, D:4)
  11 poisoned needles
(2, -14, D:4)
  a whip
  a halberd
  a spear
(3, -13, D:4)
  a spear
(10, 2, D:4)
  a leather armour
(11, 5, D:4)
  a falchion
(19, 26, D:4)
  a ring mail
(20, 12, D:4)
  a club
(31, -6, D:4)
  a dire flail of protection
  a scale mail
(33, -6, D:4)
  a short sword
  a flail
  a leather armour
  a giant spiked club
  a hand axe
  a scale mail
(35, -6, D:4)
  an embroidered robe
(35, 9, D:4)
  18 stones
(38, 11, D:4)
  a robe

Level 5 of the Dungeon
(0, 0, D:5)
  a leather armour
(5, 8, D:5)
  19 sling bullets
(6, -1, D:5)
  a tomahawk
(7, 1, D:5)
  a tomahawk
(8, 2, D:5)
  a tomahawk
(18, 3, D:5)
  a dagger
  a club
  a dagger
  a hand axe
  a hand axe
  a leather armour
(19, 3, D:5)
  a tomahawk
(20, 3, D:5)
  a tomahawk
(31, -10, D:5)
  a long sword
(32, 17, D:5)
  a hand crossbow
(34, 3, D:5)
  a war axe
(42, 16, D:5)
  11 sling bullets
(43, 11, D:5)
  a scale mail
(43, 16, D:5)
  13 stones
(44, 2, D:5)
  a rapier
(48, 23, D:5)
  a hunting sling

Level 6 of the Dungeon
(0, 0, D:6)
  20 stones
(4, 3, D:6)
  a giant club
(8, -17, D:6)
  10 sling bullets
(9, 8, D:6)
  a giant spiked club
(27, 11, D:6)
  a robe
(34, -4, D:6)
  16 stones
(38, 4, D:6)
  a dagger
(39, 17, D:6)
  23 stones
(44, 14, D:6)
  a ring mail
  11 bolts

Level 7 of the Dungeon
[Shop] Fennub's Distillery
  a potion of might (56 gold)
  a potion of curing (42 gold)
  a potion of mutation (unknown) (112 gold)
  a potion of lignification (42 gold)
  2 potions of haste (280 gold)
  2 potions of curing (84 gold)
  a potion of mutation (unknown) (112 gold)
  a potion of might (56 gold)
  a potion of haste (140 gold)
  a potion of flight (42 gold)
  a potion of heal wounds (70 gold)
  a potion of heal wounds (70 gold)
  a potion of curing (42 gold)
[Shop] Ytecsi's Antique Weapon Shoppe
  a runed battleaxe (275 gold)
  a battleaxe (188 gold)
  a bloodstained hand crossbow (246 gold)
  a short sword (87 gold)
  a runed halberd (203 gold)
  an arbalest (130 gold)
  a runed falchion (174 gold)
  a short sword (87 gold)
  a spear (87 gold)
[Shop] Lucaxal's Armour Emporium
  a +0 leather armour (24 gold)
  the +3 ice dragon scales of Divine Compulsion {rPois rF- rC++ Str+3 Int+4 Dex-5 Slay+2} (1185 gold)
    It affects your strength (+3).
    It affects your intelligence (+4).
    It affects your dexterity (-5).
    It affects your accuracy and damage with ranged weapons and melee attacks
    (+2).
    It makes you vulnerable to fire.
    It greatly protects you from cold.
    It protects you from poison.
  the +4 chain mail "Egono" {*Drain rF+ rCorr Str+2} (512 gold)
    It affects your strength (+2).
    It protects you from fire.
    It provides partial protection from all sources of acid and corrosion.
    It causes draining when unequipped.
  a +0 leather armour (24 gold)
  a +0 leather armour (24 gold)
  a +0 plate armour (276 gold)
  a +0 large shield (54 gold)
  a +1 cloak of magic resistance (198 gold)
  a +1 cloak of invisibility (198 gold)
  a +0 chain mail (54 gold)
  a +0 chain mail (54 gold)
(0, 0, D:7)
  a ring mail
(8, -1, D:7)
  an uncursed amulet of guardian spirit
(16, 26, D:7)
  a flail
  a chain mail
(19, 27, D:7)
  a hand axe
  a robe
(20, 28, D:7)
  a short sword
  a robe
(23, 37, D:7)
  an uncursed spear
  an uncursed shortbow
(24, 36, D:7)
  an enchanted battleaxe
  a robe
(25, 9, D:7)
  a giant club
(35, -3, D:7)
  19 stones
(45, 32, D:7)
  a dagger
  a robe
(50, 5, D:7)
  a leather armour
(54, -1, D:7)
  4 stones
(54, 1, D:7)
  a short sword
(57, -9, D:7)
  a potion of degeneration

Level 8 of the Dungeon
(0, 0, D:8)
  12 poisoned needles
(1, -21, D:8)
  a leather armour
(5, 4, D:8)
  a chain mail
(7, 30, D:8)
  a giant club
  a giant club
(14, 13, D:8)
  a ring mail
(21, -2, D:8)
  a hunting sling
(21, 15, D:8)
  a war axe
(24, 14, D:8)
  a giant club
(26, 14, D:8)
  a long sword
  a chain mail
  a ring mail
(26, 15, D:8)
  a club
(27, 14, D:8)
  a hand axe
(35, 3, D:8)
  a potion of degeneration
(37, 9, D:8)
  a hand axe
(39, 17, D:8)
  a hand axe
  a leather armour
  a club
  a ring mail

Level 9 of the Dungeon
(0, 0, D:9)
  a whip
(0, 45, D:9)
  a ring mail
(3, 19, D:9)
  an uncursed quarterstaff of protection
  an uncursed hunting sling
  6 sling bullets
  a ring mail
(4, 54, D:9)
  a faintly glowing leather armour
(5, 17, D:9)
  a giant club
(11, 56, D:9)
  11 stones
(13, 50, D:9)
  a mace
  a scale mail
  a dagger
  a robe
(13, 51, D:9)
  a dagger
  a robe
(13, 52, D:9)
  a whip
  a ring mail
(14, 21, D:9)
  a morningstar
(14, 22, D:9)
  5 tomahawks
(14, 23, D:9)
  a dire flail
  a chain mail
(14, 51, D:9)
  a mace
(16, 18, D:9)
  a dagger
  a robe
(18, 1, D:9)
  a giant spiked club
  a giant spiked club
(22, 47, D:9)
  21 stones
(24, 11, D:9)
  a leather armour
(25, 8, D:9)
  a flail
(25, 40, D:9)
  29 bolts
(29, 20, D:9)
  a war axe
  a plate armour
(31, 23, D:9)
  an encrusted whip
(32, 20, D:9)
  2 stones
(37, 18, D:9)
  a dagger
  a robe
  a sling bullet
(39, 18, D:9)
  a sling bullet
(40, 18, D:9)
  a sling bullet
(42, 18, D:9)
  a sling bullet
(43, 18, D:9)
  4 stones
(44, 18, D:9)
  2 stones
(47, 19, D:9)
  a sling bullet
(47, 21, D:9)
  4 sling bullets
(47, 23, D:9)
  a sling bullet
(47, 25, D:9)
  a sling bullet

Level 10 of the Dungeon
(0, 0, D:10)
  an uncursed shortbow
(5, 31, D:10)
  a scale mail
(5, 32, D:10)
  a scale mail
(6, 16, D:10)
  a club
(6, 17, D:10)
  a dagger
(6, 34, D:10)
  a robe
(7, 15, D:10)
  a scimitar
(7, 16, D:10)
  a flail
(9, 17, D:10)
  a hand axe
(14, 17, D:10)
  an enchanted mace
(15, 17, D:10)
  a short sword of venom
(16, 17, D:10)
  2 tomahawks of returning
  a dagger
  a dagger
  2 tomahawks
(16, 19, D:10)
  a dagger
  a robe
  a tomahawk
(16, 24, D:10)
  a tomahawk
(28, -3, D:10)
  29 sling bullets
(30, -5, D:10)
  20 stones
(32, 14, D:10)
  29 sling bullets
(32, 30, D:10)
  a flail
(39, 12, D:10)
  an uncursed ring of protection from fire
  an uncursed ring of fire
  a +1 chain mail of cold resistance
  a +0 ring mail
  a +0 leather armour
  a +0 long sword
  a long sword
  a falchion
  a +3 dagger
  a dagger of venom
  a dagger of protection
(39, 13, D:10)
  a scroll of acquirement

Level 11 of the Dungeon
[Shop] Ziggop's Magic Scroll Boutique
  a scroll of immolation (38 gold)
  a scroll of teleportation (33 gold)
  a scroll of immolation (38 gold)
  a scroll of teleportation (33 gold)
  a scroll of teleportation (33 gold)
  a scroll of identify (22 gold)
  a scroll of enchant armour (82 gold)
  a scroll of acquirement (572 gold)
(0, 0, D:11)
  2 tomahawks
(3, 13, D:11)
  a dagger
  an embroidered robe
(5, -34, D:11)
  a flail
  a hand axe
  a leather armour
(6, -33, D:11)
  a war axe of freezing
(9, 10, D:11)
  a +0 ring mail
(10, -10, D:11)
  a robe
  a dagger
(10, -9, D:11)
  a short sword
(10, -8, D:11)
  a robe
  a dagger
(14, 15, D:11)
  a giant spiked club
  a dire flail
(15, -19, D:11)
  a giant spiked club
(21, 14, D:11)
  a giant club
  a giant spiked club
(25, -11, D:11)
  a leather armour
(31, -8, D:11)
  a giant club
(44, -29, D:11)
  a short sword of holy wrath
  a giant club

Level 12 of the Dungeon
[Shop] Duinyeno's Book Shoppe
  a book of Death (unknown) (1260 gold)
  a book of Air (unknown) (630 gold)
  a book of Geomancy (unknown) (630 gold)
  a book of Burglary (unknown) (1350 gold)
  a Young Poisoner's Handbook (unknown) (720 gold)
  a book of Enchantments (unknown) (900 gold)
  a book of Minor Magic (360 gold)
  a book of Misfortune (unknown) (360 gold)
  a book of Maledictions (450 gold)
  a book of Callings (540 gold)
(0, 0, D:12)
  27 stones
(9, -19, D:12)
  a trident
(10, -18, D:12)
  a halberd
  a giant spiked club
  a giant spiked club
  a giant club
(11, 4, D:12)
  a giant club
  a giant club
(13, -22, D:12)
  a short sword
(14, -23, D:12)
  a long sword
(18, -25, D:12)
  a short sword
(28, 5, D:12)
  a leather armour
(33, -15, D:12)
  an ichor-stained chain mail
(45, -23, D:12)
  28 stones
(45, -8, D:12)
  a leather armour
(46, -9, D:12)
  a club
(47, -8, D:12)
  4 large rocks
(48, -20, D:12)
  a trident

Level 13 of the Dungeon
(0, 0, D:13)
  19 bolts
(3, 2, D:13)
  a club
  a leather armour
(5, 15, D:13)
  14 stones
(6, -19, D:13)
  a potion of degeneration
(16, 16, D:13)
  13 poisoned needles
(18, 14, D:13)
  a leather armour
(27, 10, D:13)
  a +0 scimitar of protection
  a +2 ring mail of poison resistance
  a +1 ring mail of cold resistance
  a +2 plate armour of fire resistance
  a scimitar
  a +3 ring of dexterity
  3 scrolls of noise
(29, 13, D:13)
  a large rock
(29, 17, D:13)
  a large rock
(30, 12, D:13)
  a staff of summoning
(33, 2, D:13)
  20 bolts
(49, -23, D:13)
  a ring mail

Level 14 of the Dungeon
[Shop] Iluck's Weapon Shoppe
  18 stones (28 gold)
  a +0 trident (56 gold)
  a +0 shortbow (48 gold)
  the cursed +3 battleaxe of Fee Simple {elec, Int+4} (697 gold)
    Occasionally, upon striking a foe, it will discharge some electrical energy
    and cause terrible harm.
    
    It affects your intelligence (+4).
    It has a curse placed upon it.
  16 arrows (51 gold)
  a +0 flail (56 gold)
  a +0 morningstar (64 gold)
  a +4 antimagic lajatang (1072 gold)
  a +0 club (16 gold)
  a +0 spear (48 gold)
  a +0 rapier (64 gold)
(3, 1, D:14)
  a dagger
(4, 7, D:14)
  a bolt
(6, 6, D:14)
  an uncursed dagger
  an uncursed arbalest
  a scale mail
(7, -5, D:14)
  a plate armour
  a war axe of electrocution
(7, 0, D:14)
  a dagger
  a robe
(7, 1, D:14)
  a plate armour
(8, 0, D:14)
  a ring mail
  an uncursed arbalest
  an uncursed short sword
(9, 1, D:14)
  a plate armour
  a long sword
(10, -1, D:14)
  a robe
  a spear
(13, -8, D:14)
  a bolt
(14, 2, D:14)
  a bolt
(14, 14, D:14)
  a bolt
(15, 3, D:14)
  a bolt
(15, 4, D:14)
  2 bolts
(15, 12, D:14)
  a stone
(16, -7, D:14)
  a bolt
(16, 0, D:14)
  4 bolts
(16, 1, D:14)
  a bolt
(16, 13, D:14)
  a bolt
(17, -12, D:14)
  a scimitar
(17, 1, D:14)
  10 bolts
(18, 13, D:14)
  a bolt
(19, 5, D:14)
  a battleaxe
  a chain mail
(21, 12, D:14)
  an uncursed demon whip of flaming
  an uncursed arbalest
  3 bolts
  a leather armour
(22, 12, D:14)
  a flail
  23 stones
(23, 12, D:14)
  a stone
(25, 7, D:14)
  a battleaxe
(27, 6, D:14)
  a +2 scimitar
  a +3 ring of dexterity
(29, 15, D:14)
  a robe
  a dagger
(32, 14, D:14)
  a longbow
(33, 14, D:14)
  14 stones
(34, -10, D:14)
  a robe
  a hand axe
(34, 16, D:14)
  an enchanted flail
  a robe
  an uncursed shortbow
(34, 17, D:14)
  a shortbow
(35, -18, D:14)
  a robe
(35, 0, D:14)
  a potion of degeneration
(35, 12, D:14)
  a flail
(35, 14, D:14)
  an uncursed shortbow
(36, 13, D:14)
  a robe
  an enchanted mace
(36, 14, D:14)
  a robe
  a robe
  an enchanted spear
  a robe
(40, 7, D:14)
  an uncursed shortbow
(45, -16, D:14)
  a scale mail
(45, -6, D:14)
  10 sling bullets
(46, 3, D:14)
  a large rock
(47, -1, D:14)
  a large rock
(48, -4, D:14)
  2 large rocks

Level 15 of the Dungeon
[Shop] Qasaupp's Distillery
  a potion of agility (40 gold)
  a potion of curing (30 gold)
  a potion of agility (40 gold)
  a potion of curing (30 gold)
  a potion of brilliance (40 gold)
  a potion of berserk rage (50 gold)
  a potion of might (40 gold)
  a potion of might (40 gold)
  a potion of haste (100 gold)
  a potion of curing (30 gold)
(0, 0, D:15)
  an antimagic trident
  a robe
(2, 0, D:15)
  4 large rocks
(3, 9, D:15)
  a spear
(3, 14, D:15)
  an uncursed whip of freezing
  an uncursed shortbow of flaming
(3, 15, D:15)
  a shortbow
(4, 4, D:15)
  a leather armour
(5, 6, D:15)
  a helmet
(7, -5, D:15)
  a dagger
  a robe
(7, -4, D:15)
  an enchanted dagger
  a robe
  an enchanted spear
  a robe
(7, 0, D:15)
  a giant club
  a dire flail
(8, 0, D:15)
  an uncursed shortbow
(9, -12, D:15)
  a bolt
(10, 9, D:15)
  a great sword
  a plate armour
  a ring of see invisible
(10, 12, D:15)
  an uncursed shortbow
  an uncursed dagger of draining
(10, 18, D:15)
  a bolt
(10, 19, D:15)
  a giant club
  a shortbow
(10, 26, D:15)
  a leather armour
  an uncursed dagger
  an uncursed shortbow
(11, -13, D:15)
  a hand axe
  a chain mail
  a hand axe
  a plate armour
(11, -12, D:15)
  a short sword
(11, -11, D:15)
  5 stones
(11, 10, D:15)
  5 steel tomahawks
  6 silver javelins
  a +1 great sword
  a +2 robe
(11, 19, D:15)
  a bolt
(11, 28, D:15)
  an uncursed shortbow
(12, -9, D:15)
  a bolt
(12, 19, D:15)
  an uncursed shortbow
(14, -11, D:15)
  a bolt
(15, -11, D:15)
  a bolt
(15, 24, D:15)
  an uncursed shortbow
  a giant club
  a great mace
  a giant club
  a robe
  a spear
  an uncursed shortbow
  an uncursed shortbow
  an uncursed shortbow
(15, 25, D:15)
  a leather armour
  a hand axe
  a leather armour
  a war axe
  a robe
  an antimagic war axe
  a robe
  a broad axe
  an uncursed shortbow
(15, 26, D:15)
  a plate armour
  a great sword
  an uncursed shortbow
(16, -10, D:15)
  an uncursed arbalest
  7 bolts
(16, 22, D:15)
  a large rock
(17, -1, D:15)
  a large rock
(17, 20, D:15)
  an uncursed staff of summoning
  an uncursed staff of air
  an uncursed staff of death
  an uncursed staff of conjuration
(17, 23, D:15)
  a leather armour
(18, 0, D:15)
  an uncursed arbalest
  10 bolts
(18, 20, D:15)
  a +3 long sword
(18, 21, D:15)
  a +1 hunting sling of freezing
(18, 22, D:15)
  2 large rocks
(19, -14, D:15)
  an uncursed arbalest
  4 bolts
(19, -12, D:15)
  a stone
(19, 0, D:15)
  a bolt
(19, 18, D:15)
  an uncursed shortbow
(20, 1, D:15)
  a bolt
(20, 15, D:15)
  a large rock
(21, 4, D:15)
  2 bolts
(22, 3, D:15)
  a bolt
(22, 4, D:15)
  a large rock
(25, 1, D:15)
  a scale mail
(30, 0, D:15)
  an uncursed shortbow
(32, -2, D:15)
  a stone
(32, 0, D:15)
  a giant spiked club
(32, 1, D:15)
  2 bolts
(33, -1, D:15)
  a bolt
(33, 0, D:15)
  a bolt
(34, -2, D:15)
  a bolt
  a dagger of venom
  a robe
(35, 10, D:15)
  21 sling bullets
(36, -3, D:15)
  a bolt
(36, 1, D:15)
  22 bolts
(38, -10, D:15)
  a stone
(39, -9, D:15)
  a stone
(40, 0, D:15)
  a stone
(42, -11, D:15)
  a bolt
(42, 2, D:15)
  a stone
(45, -7, D:15)
  an uncursed arbalest
  14 bolts
(46, -8, D:15)
  3 bolts
(48, -17, D:15)
  a leather armour
  a short sword
(48, -8, D:15)
  2 bolts
(49, -9, D:15)
  2 bolts
(49, -7, D:15)
  an uncursed arbalest
  17 bolts
(50, -10, D:15)
  2 bolts
(51, -14, D:15)
  a club
(51, -8, D:15)
  a bolt
(52, -8, D:15)
  4 bolts
(52, -3, D:15)
  an uncursed arbalest
  8 bolts
(53, -8, D:15)
  an uncursed arbalest
  14 bolts
(57, 23, D:15)
  8 needles of sleeping
(66, 1, D:15)
  a bolt
(67, -4, D:15)
  an uncursed arbalest
  4 bolts
(67, -1, D:15)
  a +7 scimitar of freezing
(67, 1, D:15)
  the +8 spear of Riniosm {protect, MR+ Int+4}
    It protects the one who uses it against injury (+AC on strike).
    
    It affects your intelligence (+4).
    It affects your resistance to hostile enchantments.
(68, 1, D:15)
  the ring "Xyubb" {Int+5 Dex+3}
    [ring of dexterity]
    
    It affects your intelligence (+5).
    It affects your dexterity (+3).
  a ring of poison resistance
  the +0 ring mail "Hacse" {rF++ Dex+3}
    It affects your dexterity (+3).
    It greatly protects you from fire.

the Ecumenical Temple

Level 1 of the Orcish Mines
(0, 0, Orc:1)
  a dagger
  a robe
  a trident
  7 tomahawks
  a plate armour
(0, 1, Orc:1)
  a club
  a hand axe
(1, 1, Orc:1)
  a hand axe
(1, 3, Orc:1)
  a tomahawk
(10, -4, Orc:1)
  a giant club

Level 2 of the Orcish Mines
[Shop] Desisi Wiph's Distillery
  a potion of lignification (45 gold)
  a potion of degeneration (15 gold)
  a potion of might (60 gold)
  a potion of lignification (45 gold)
  2 potions of curing (90 gold)
  a potion of curing (45 gold)
  2 potions of might (120 gold)
  a potion of curing (45 gold)
  a potion of resistance (150 gold)
  a potion of heal wounds (75 gold)
  a potion of might (60 gold)
[Shop] Bajyge's Antique Armour Shoppe
  a glowing centaur barding (936 gold)
  a fine leather armour (252 gold)
  a pair of embroidered boots (270 gold)
  a runed plate armour (936 gold)
  a ring mail (144 gold)
  a robe (25 gold)
  a scale mail (144 gold)
  a polished plate armour (1008 gold)
  the +3 robe of Folly {Archmagi, MR-- Int+5} (1944 gold)
    It affects your intelligence (+5).
    It affects your resistance to hostile enchantments.
  a scale mail (144 gold)
  the +2 robe of Vines {NoPotionHeal Regen+7} (2880 gold)
    It increases your rate of regeneration.
  a leather armour (72 gold)
[Shop] Xuihioxt's Weapon Boutique
  a +0 long sword (45 gold)
  a +0 hand crossbow (45 gold)
  18 bolts (46 gold)
  a +2 battleaxe of flaming (308 gold)
  a +0 shortbow (39 gold)
  13 sling bullets (84 gold)
  a +0 trident (45 gold)
  a +0 flail (45 gold)
  a +0 club (13 gold)
  a +0 longbow of velocity (113 gold)
  a +0 quarterstaff (52 gold)
  a +0 great mace (84 gold)
  8 needles of sleeping (52 gold)
[Shop] Qituew's Assorted Antiques
  a scroll of remove curse (96 gold)
  a scroll of magic mapping (112 gold)
  a ring of ice (800 gold)
  a scroll of remove curse (96 gold)
  a wand of iceblast (9) (128 gold)
  a potion of berserk rage (160 gold)
  a scroll of teleportation (96 gold)
  a runed spear (192 gold)
(1, -10, Orc:2)
  a flail
  a chain mail
  a club
  a halberd
  a chain mail
(1, 11, Orc:2)
  a short sword
  a leather armour
  a hand axe
  a plate armour
(2, -10, Orc:2)
  a leather armour
(2, 9, Orc:2)
  a hand axe of freezing
  7 tomahawks of returning
  a plate armour
  a mace
  a leather armour
(3, -10, Orc:2)
  a short sword
(3, -9, Orc:2)
  a club
  a long sword
  a plate armour
(3, 10, Orc:2)
  a dagger
  a robe
(3, 11, Orc:2)
  a hand axe
(4, 0, Orc:2)
  a glaive
  a plate armour
(5, -1, Orc:2)
  a ring mail
  a glaive
  a plate armour
(5, 0, Orc:2)
  a trident
  a chain mail
(6, -1, Orc:2)
  a dagger
  a robe
  an antimagic dagger
  a robe
  a dagger
  a robe
  a war axe of draining
  a plate armour
(6, 0, Orc:2)
  a war axe
  a leather armour
(7, -1, Orc:2)
  a giant spiked club
  a giant club
  a mace
(8, -12, Orc:2)
  a trident
(8, -4, Orc:2)
  a flail
(9, -12, Orc:2)
  a hand axe
  a halberd of venom
  3 tomahawks
  a chain mail
(9, -10, Orc:2)
  a hand axe
  a scale mail
  a leather armour
(9, 12, Orc:2)
  a glaive
  a scale mail
(9, 13, Orc:2)
  a cursed -1 chain mail
  a scimitar
  a war axe
(10, -11, Orc:2)
  a war axe
  a dagger
(10, -9, Orc:2)
  a dagger
  a robe
(10, -8, Orc:2)
  a tomahawk
(10, 7, Orc:2)
  a club
(10, 8, Orc:2)
  a dagger
  a robe
(10, 10, Orc:2)
  a dagger
(11, -10, Orc:2)
  a morningstar
  a plate armour
(11, -8, Orc:2)
  a tomahawk
(11, 7, Orc:2)
  an enchanted short sword
  a plate armour
(13, -4, Orc:2)
  a leather armour
(13, 0, Orc:2)
  a club
  a leather armour
(15, 3, Orc:2)
  a falchion
(17, -7, Orc:2)
  a tomahawk
(17, -4, Orc:2)
  a short sword
(18, 25, Orc:2)
  a dagger
  a robe
  a whip
  a mace
  a leather armour
  a mace
  a plate armour
(18, 26, Orc:2)
  a flail
  a leather armour
  a dagger
  a robe
(18, 29, Orc:2)
  a fan of gales
(19, 26, Orc:2)
  a short sword
  a ring mail
(20, -5, Orc:2)
  a tomahawk
(20, 4, Orc:2)
  an enchanted hand axe
  a chain mail
(21, 2, Orc:2)
  13 stones
(21, 10, Orc:2)
  a club
(22, 4, Orc:2)
  a war axe
  a ring mail
(24, -7, Orc:2)
  a hand axe
  a chain mail
(24, 0, Orc:2)
  a halberd
  3 tomahawks
  a chain mail
(25, -9, Orc:2)
  a spear
  a robe
(25, -7, Orc:2)
  a long sword of slicing
  a plate armour
(25, 5, Orc:2)
  a glaive
  a plate armour
(27, -31, Orc:2)
  a giant spiked club
(27, -30, Orc:2)
  a long sword
  a plate armour
(28, -15, Orc:2)
  a mace
  a chain mail
(29, -15, Orc:2)
  a mace
  a chain mail
(29, 9, Orc:2)
  a halberd
  a plate armour
(30, -19, Orc:2)
  a trident
(30, -18, Orc:2)
  a dagger
  a robe
(31, -18, Orc:2)
  a hand axe of chopping
(31, -1, Orc:2)
  a scimitar
  a plate armour
(31, 20, Orc:2)
  a short sword
(31, 27, Orc:2)
  a glaive
  a chain mail
(32, -1, Orc:2)
  a short sword
  a chain mail
(32, 1, Orc:2)
  a mace
  a chain mail
(32, 20, Orc:2)
  a ring mail
(32, 23, Orc:2)
  a dagger
  a robe
(33, 23, Orc:2)
  a dagger
  a robe
  a trident
  a chain mail
(34, 11, Orc:2)
  a giant club
(36, -31, Orc:2)
  an enchanted battleaxe
  a plate armour
(38, -25, Orc:2)
  a hand axe
  a dagger
  a robe
(39, -26, Orc:2)
  a giant spiked club
(39, -25, Orc:2)
  a trident
  a chain mail
(39, -24, Orc:2)
  a glaive
  a plate armour
(40, -31, Orc:2)
  a cursed -2 chain mail
  an uncursed great sword
  an uncursed arbalest
  24 bolts
  a short sword
  a plate armour
(40, 20, Orc:2)
  a tomahawk
(41, -26, Orc:2)
  a bolt
(41, -12, Orc:2)
  a club
  a club
  a ring mail
  a short sword
(41, 16, Orc:2)
  a hand axe
(41, 18, Orc:2)
  a short sword
(42, -12, Orc:2)
  a flail
  a flail
  a scale mail
  3 tomahawks
  a leather armour
  a club
(42, -11, Orc:2)
  a dagger of holy wrath
  a flail
  a leather armour
  a dagger
(42, 3, Orc:2)
  a giant club
(42, 11, Orc:2)
  a scale mail
(42, 16, Orc:2)
  a war axe
  5 tomahawks
  a ring mail
  a club
(42, 18, Orc:2)
  a war axe
  a war axe
  a chain mail
(43, -30, Orc:2)
  a tomahawk
(43, 2, Orc:2)
  a mace
  a glowing leather armour
(43, 3, Orc:2)
  a club
  a whip
(43, 16, Orc:2)
  a flail of pain
  a tomahawk
  a leather armour
  a mace
  a ring mail
(43, 17, Orc:2)
  a morningstar
  a leather armour
(43, 18, Orc:2)
  a flail
  a scale mail
(44, 2, Orc:2)
  a ring mail
  a morningstar
  a plate armour
(45, -30, Orc:2)
  a hand axe
  a leather armour
(45, -29, Orc:2)
  a flail of holy wrath
(45, -28, Orc:2)
  a hand axe
  4 tomahawks
  a chain mail
(45, 1, Orc:2)
  a mace
  a leather armour
(45, 14, Orc:2)
  a giant club
(45, 17, Orc:2)
  a giant spiked club
(47, 1, Orc:2)
  a giant spiked club
(48, -8, Orc:2)
  a giant spiked club
(49, -25, Orc:2)
  a great sword
  a plate armour
  a giant club
  a giant spiked club
(49, -24, Orc:2)
  a glaive of protection
  a chain mail
(49, 1, Orc:2)
  a whip of flaming
(50, -24, Orc:2)
  a dagger
  a runed robe
(51, -31, Orc:2)
  a +1 great sword
  a chain mail
(51, -24, Orc:2)
  a morningstar
  a chain mail
(51, 11, Orc:2)
  a giant spiked club
(57, 3, Orc:2)
  a giant club
  a giant club

Level 1 of the Lair of Beasts
(0, 0, Lair:1)
  4 silver tomahawks
(4, -34, Lair:1)
  9 stones
(15, -60, Lair:1)
  a robe
(15, -38, Lair:1)
  a +0 plate armour of cold resistance
(20, -54, Lair:1)
  17 stones
(23, -38, Lair:1)
  a helmet
(34, -12, Lair:1)
  a club
(36, -56, Lair:1)
  4 javelins
(37, -48, Lair:1)
  17 stones
(45, -5, Lair:1)
  16 sling bullets
(57, 1, Lair:1)
  8 stones

Level 2 of the Lair of Beasts
(0, 0, Lair:2)
  a pair of gloves
(6, 10, Lair:2)
  15 sling bullets
(9, -20, Lair:2)
  17 stones
(20, 9, Lair:2)
  a great sword
(30, -27, Lair:2)
  a rapier
(31, 11, Lair:2)
  a rapier
  a staff of poison
(35, -37, Lair:2)
  5 tomahawks
(37, -38, Lair:2)
  a robe
(45, 14, Lair:2)
  26 sling bullets
(49, -24, Lair:2)
  an arbalest

Level 3 of the Lair of Beasts
(0, 0, Lair:3)
  a +3 scimitar
  a ring mail
(1, -4, Lair:3)
  a trident
(19, 1, Lair:3)
  21 bolts
(25, -12, Lair:3)
  a ring mail
(25, 23, Lair:3)
  an uncursed ring of teleportation
(27, 5, Lair:3)
  5 tomahawks
(33, 36, Lair:3)
  a +2 ring mail of magic resistance
  +0 fire dragon scales
  a ring of protection from fire
  6 steel tomahawks
  a +0 triple sword of slicing
(43, 32, Lair:3)
  a robe
(45, -3, Lair:3)
  6 javelins
(47, 24, Lair:3)
  a quarterstaff
(48, 26, Lair:3)
  23 sling bullets
(49, 2, Lair:3)
  a javelin
(59, 23, Lair:3)
  the +9 sword of Zonguldrok {reap}
    If a monster killed with it leaves a corpse in good enough shape, the corpse
    will be animated as a zombie friendly to the killer.
(61, -9, Lair:3)
  a spear
(66, 39, Lair:3)
  a runed leather armour

Level 4 of the Lair of Beasts
(5, 0, Lair:4)
  a long sword
(8, 25, Lair:4)
  a scroll of random uselessness
(12, -12, Lair:4)
  15 stones
(15, 0, Lair:4)
  a +1 pair of gloves of archery
(22, 14, Lair:4)
  7 stones
(25, 27, Lair:4)
  12 poisoned needles
(28, -15, Lair:4)
  a helmet
(29, -10, Lair:4)
  a scale mail
(37, -24, Lair:4)
  a leather armour
(37, 1, Lair:4)
  a scroll of random uselessness
(44, -4, Lair:4)
  a morningstar
(45, -7, Lair:4)
  a longbow
(48, 23, Lair:4)
  a whip
(56, 24, Lair:4)
  3 scrolls of immolation
(58, -1, Lair:4)
  a giant spiked club
(59, 17, Lair:4)
  a great sword
(60, -24, Lair:4)
  +0 fire dragon scales

Level 5 of the Lair of Beasts
(0, 0, Lair:5)
  a ring mail
(19, 15, Lair:5)
  22 stones
(20, 22, Lair:5)
  a book of Power
(22, 20, Lair:5)
  a robe
(23, 14, Lair:5)
  a scroll of random uselessness
(27, 20, Lair:5)
  a quarterstaff
(30, 9, Lair:5)
  a potion of degeneration
(33, -12, Lair:5)
  13 stones
(43, -17, Lair:5)
  a glaive
(43, 30, Lair:5)
  a leather armour
(51, -13, Lair:5)
  the +27 Lear's hauberk
(55, -8, Lair:5)
  24 stones

Level 6 of the Lair of Beasts
(3, -28, Lair:6)
  a +1 pair of gloves of dexterity
(4, -35, Lair:6)
  21 sling bullets
(5, -52, Lair:6)
  a sack of spiders
(7, 0, Lair:6)
  a -2 long sword
(11, -9, Lair:6)
  a potion of degeneration
(14, -30, Lair:6)
  a pair of gloves
(14, -29, Lair:6)
  a runed war axe
(15, -30, Lair:6)
  20 poisoned needles
(42, -30, Lair:6)
  an uncursed staff of wizardry
(42, -28, Lair:6)
  a rapier of chaos
(43, -23, Lair:6)
  a falchion

Level 1 of the Shoals
(0, 0, Shoals:1)
  an uncursed shortbow of flaming
(2, 15, Shoals:1)
  a trident
(2, 17, Shoals:1)
  a trident
(3, -7, Shoals:1)
  16 sling bullets
(3, 22, Shoals:1)
  a flail
(4, 15, Shoals:1)
  6 tomahawks
(5, -3, Shoals:1)
  13 stones
(21, 22, Shoals:1)
  an enchanted spear
(28, 11, Shoals:1)
  a flail
(29, 11, Shoals:1)
  a ring of see invisible
(30, 23, Shoals:1)
  34 stones
  a leather armour
(37, -22, Shoals:1)
  2 large rocks
(37, 16, Shoals:1)
  15 sling bullets
(40, -20, Shoals:1)
  14 stones
(41, 11, Shoals:1)
  the +7 mace of Variability {chain chaos}
    Each time it hits an enemy it has a different, random effect.
(42, -20, Shoals:1)
  a large rock
(42, 11, Shoals:1)
  a rapier
(42, 13, Shoals:1)
  the +7 great sword "Lyxut" {antimagic, *Noise Int+2 Stlth+}
    It reduces the magical energy of the wielder, and disrupts the spells and
    magical abilities of those hit. Natural abilities and divine invocations are
    not affected.
    
    It affects your intelligence (+2).
    It may make noises in combat.
    It makes you more stealthy.
(43, -19, Shoals:1)
  a large rock
(43, 11, Shoals:1)
  a great sword
(46, -12, Shoals:1)
  a stone
(47, -12, Shoals:1)
  a sling bullet
(47, -11, Shoals:1)
  a stone
(49, -15, Shoals:1)
  2 stones
(49, -14, Shoals:1)
  2 sling bullets
(49, -12, Shoals:1)
  an uncursed club
  an uncursed hunting sling
  2 sling bullets
(50, -16, Shoals:1)
  a stone
  a sling bullet
(50, -15, Shoals:1)
  a stone
(50, -14, Shoals:1)
  a stone
(50, -13, Shoals:1)
  2 sling bullets
(50, -12, Shoals:1)
  an uncursed spear
  an uncursed hunting sling
  a sling bullet
  a stone
(50, -10, Shoals:1)
  4 sling bullets
  5 stones
(51, -18, Shoals:1)
  a stone
(51, -14, Shoals:1)
  a sling bullet
  a stone
(51, -11, Shoals:1)
  a hunting sling
  an uncursed spear
  a spear
(52, 5, Shoals:1)
  17 stones

Level 2 of the Shoals
(0, 0, Shoals:2)
  a cloak
(4, 26, Shoals:2)
  a trident of holy wrath
  a robe
(8, 17, Shoals:2)
  an uncursed spear
  an uncursed hunting sling
  7 sling bullets
(10, 17, Shoals:2)
  a sling bullet
(13, -3, Shoals:2)
  a robe
(13, 9, Shoals:2)
  2 sling bullets
(14, 11, Shoals:2)
  a sling bullet
(14, 13, Shoals:2)
  2 sling bullets
(14, 14, Shoals:2)
  a sling bullet
(15, 17, Shoals:2)
  2 sling bullets
(20, 38, Shoals:2)
  a falchion
(26, 37, Shoals:2)
  a ring mail
(27, 38, Shoals:2)
  5 large rocks
(33, 30, Shoals:2)
  a trident
(37, -5, Shoals:2)
  a trident
(44, 1, Shoals:2)
  a trident
(45, 6, Shoals:2)
  a buckler
(45, 40, Shoals:2)
  25 stones
(46, 2, Shoals:2)
  3 javelins
(49, 34, Shoals:2)
  a stone
(49, 36, Shoals:2)
  a sling bullet
(51, 18, Shoals:2)
  a trident of freezing
  an embroidered robe
(52, 21, Shoals:2)
  an ichor-stained great sword {god gift}
(52, 22, Shoals:2)
  a trident
(52, 26, Shoals:2)
  a spear
(52, 27, Shoals:2)
  a spear
(52, 32, Shoals:2)
  a stone
(53, 28, Shoals:2)
  a trident
(53, 31, Shoals:2)
  a stone
(54, 27, Shoals:2)
  a spear
(54, 31, Shoals:2)
  an uncursed quarterstaff
  an uncursed hunting sling
  19 sling bullets
(55, 31, Shoals:2)
  an uncursed club
  an uncursed hunting sling
  19 stones
(56, 30, Shoals:2)
  an enchanted trident
(56, 31, Shoals:2)
  an uncursed spear of flaming
  an uncursed hunting sling
  14 sling bullets

Level 3 of the Shoals
[Shop] Boagg's Magic Scroll Boutique
  a scroll of magic mapping (52 gold)
  a scroll of noise (15 gold)
  a scroll of amnesia (52 gold)
  a scroll of teleportation (45 gold)
  a scroll of identify (30 gold)
  a scroll of remove curse (45 gold)
  a scroll of teleportation (45 gold)
  a scroll of enchant weapon (112 gold)
  a scroll of amnesia (52 gold)
(0, 0, Shoals:3)
  a javelin
(0, 1, Shoals:3)
  2 javelins
(1, 2, Shoals:3)
  a spear
  a leather armour
(4, 4, Shoals:3)
  a javelin
(5, 3, Shoals:3)
  2 javelins
(7, 3, Shoals:3)
  a javelin
(8, 2, Shoals:3)
  a javelin
(9, 0, Shoals:3)
  a javelin
(9, 1, Shoals:3)
  a javelin
(15, -24, Shoals:3)
  a spear of piercing
  a leather armour
(15, -22, Shoals:3)
  an antimagic trident
(19, -20, Shoals:3)
  a tomahawk
(19, -19, Shoals:3)
  a trident
  4 tomahawks
(19, -1, Shoals:3)
  a trident
(20, -19, Shoals:3)
  an uncursed shortbow
(22, -16, Shoals:3)
  a tomahawk
(23, -12, Shoals:3)
  a blowgun
(24, -13, Shoals:3)
  a tomahawk
  a scroll of random uselessness
(24, 1, Shoals:3)
  a robe
(25, -8, Shoals:3)
  a +7 demon blade of draining
(31, -17, Shoals:3)
  a trident
(32, -23, Shoals:3)
  an uncursed amulet of harm
  an uncursed ring of fire
(33, -30, Shoals:3)
  a hand crossbow
(35, 2, Shoals:3)
  a falchion
(35, 3, Shoals:3)
  a ring mail
(38, 11, Shoals:3)
  a trident
(42, -7, Shoals:3)
  a chain mail
(43, -11, Shoals:3)
  a chain mail
(49, -17, Shoals:3)
  an uncursed amulet of regeneration
  an uncursed amulet of the acrobat
(50, -17, Shoals:3)
  a lightning rod (inert)

Level 4 of the Shoals
(0, 0, Shoals:4)
  a scale mail
(4, -6, Shoals:4)
  the +3 sling "Punk" {acid, rCorr}
    It provides partial protection from all sources of acid and corrosion.
(9, 23, Shoals:4)
  18 bolts
(11, 7, Shoals:4)
  2 silver javelins
(12, -4, Shoals:4)
  2 javelins
(13, 2, Shoals:4)
  a trident of venom
(13, 3, Shoals:4)
  a trident
(15, 5, Shoals:4)
  a silver javelin
  a tomahawk
  a javelin
(15, 8, Shoals:4)
  a scroll of immolation
(17, -18, Shoals:4)
  a runed flail
(17, 1, Shoals:4)
  a silver javelin
  3 javelins
(18, 0, Shoals:4)
  a spear of piercing
  9 silver javelins
  a leather armour
(18, 2, Shoals:4)
  an antimagic spear
  10 javelins
  a leather armour
(19, -1, Shoals:4)
  a rapier of venom
  a robe
(19, 4, Shoals:4)
  a trident
  4 tomahawks
(20, -24, Shoals:4)
  the +1 crystal plate armour of the New World {*Slow rElec rCorr SInv}
    It insulates you from electricity.
    It lets you see invisible.
    It provides partial protection from all sources of acid and corrosion.
    It may slow you when you take damage.
(20, 3, Shoals:4)
  a trident
(22, -19, Shoals:4)
  an enchanted spear
(29, 10, Shoals:4)
  3 large rocks
(29, 25, Shoals:4)
  18 sling bullets
(31, 22, Shoals:4)
  18 stones
(32, 0, Shoals:4)
  a tomahawk
(33, 2, Shoals:4)
  a great sword of holy wrath
(36, 4, Shoals:4)
  a spear
(37, 5, Shoals:4)
  a tomahawk
(38, 23, Shoals:4)
  a trident
(39, -4, Shoals:4)
  a spear
(39, 7, Shoals:4)
  a trident
  a tomahawk
(41, 22, Shoals:4)
  a tomahawk
(42, 23, Shoals:4)
  4 tomahawks
(42, 30, Shoals:4)
  a tomahawk
(43, 14, Shoals:4)
  a Grand Grimoire
(44, 3, Shoals:4)
  a fan of gales
(44, 8, Shoals:4)
  a tomahawk
(46, 6, Shoals:4)
  a tomahawk
(47, 18, Shoals:4)
  a rapier
  a robe
(48, 15, Shoals:4)
  an uncursed longbow
  an uncursed quarterstaff
(50, 4, Shoals:4)
  a steel javelin
(51, 2, Shoals:4)
  a tomahawk
(51, 3, Shoals:4)
  2 steel javelins
  2 tomahawks
(52, -12, Shoals:4)
  a rapier
  a robe
  a trident
  a trident
(52, -10, Shoals:4)
  a trident
(52, 0, Shoals:4)
  a trident
(52, 1, Shoals:4)
  a spear of flaming
  9 steel javelins
  a leather armour
(52, 2, Shoals:4)
  3 tomahawks
(53, -12, Shoals:4)
  a rapier of electrocution
  a robe
(53, 1, Shoals:4)
  4 steel javelins
  a trident
  2 tomahawks
  a trident of protection
  a trident
  4 exploding tomahawks
(54, 14, Shoals:4)
  13 stones
(55, 4, Shoals:4)
  a tomahawk
(55, 22, Shoals:4)
  a spear
(56, -2, Shoals:4)
  a steel javelin
(56, 3, Shoals:4)
  a tomahawk
(57, 8, Shoals:4)
  a broad axe
(59, 3, Shoals:4)
  an amulet of regeneration
(59, 7, Shoals:4)
  a scorched trident

Level 1 of the Spider Nest
(0, 0, Spider:1)
  22 stones
(9, -2, Spider:1)
  a scale mail
(12, -4, Spider:1)
  19 stones
(18, 2, Spider:1)
  a chain mail
(26, 0, Spider:1)
  a mace
(28, -13, Spider:1)
  a club
(29, -18, Spider:1)
  14 bolts

Level 2 of the Spider Nest
(3, -14, Spider:2)
  a scroll of immolation
(8, -19, Spider:2)
  22 stones
(11, -1, Spider:2)
  25 sling bullets
(20, 6, Spider:2)
  a hand axe
  a leather armour
(21, 5, Spider:2)
  a war axe
  a leather armour
(21, 6, Spider:2)
  a war axe
  a leather armour
(22, 0, Spider:2)
  a chain mail
(26, 8, Spider:2)
  a smoking scale mail

Level 3 of the Spider Nest
(0, 0, Spider:3)
  a ring mail
(22, 16, Spider:3)
  a scroll of immolation
(36, -23, Spider:3)
  a longbow
(37, -22, Spider:3)
  a rapier
(37, 4, Spider:3)
  19 bolts
(43, -19, Spider:3)
  a glowing ring mail
(49, -26, Spider:3)
  a wand of random effects (59)
(52, -18, Spider:3)
  a ring mail
(53, -28, Spider:3)
  a short sword
(54, 10, Spider:3)
  a staff of poison
(58, 8, Spider:3)
  20 stones

Level 4 of the Spider Nest
(0, 0, Spider:4)
  a scroll of immolation
(29, -3, Spider:4)
  a quarterstaff
(36, -1, Spider:4)
  a long sword
(36, 16, Spider:4)
  the +6 shield of Ruliuw {rPois rF+ rN+}
    It protects you from fire.
    It protects you from poison.
    It protects you from negative energy.
(43, 18, Spider:4)
  a robe
(47, -4, Spider:4)
  a great mace

