Trissali

Level 1 of the Dungeon
(0, 0, D:1)
  10 gold pieces
(10, 6, D:1)
  a potion of cancellation
(17, 3, D:1)
  a jackal corpse
  a jackal corpse
  a jackal corpse
(19, 2, D:1)
  31 bolts
(30, -4, D:1)
  a bat corpse
(34, 6, D:1)
  a +0 club
  24 stones
  a hobgoblin corpse
(40, 9, D:1)
  a +0 dagger
(40, 11, D:1)
  a +0 club
  a hobgoblin corpse (skeletalised by now)
(52, -6, D:1)
  a +0 club
  a goblin corpse
(52, 11, D:1)
  a rat corpse (skeletalised by now)
(60, 28, D:1)
  a +0 club
  a kobold corpse (skeletalised by now)
(62, 16, D:1)
  23 stones
(66, 30, D:1)
  14 stones

