Isairu Fige

Level 1 of the Dungeon
(0, 0, D:1)
  a +0 leather armour
(15, 5, D:1)
  2 tomahawks
(18, 14, D:1)
  a +0 hunting sling
(21, 28, D:1)
  a +2 dagger of venom
  a kobold corpse (skeletalised by now)
(24, -5, D:1)
  a +0 dagger
(29, 14, D:1)
  a +0 club
(30, 26, D:1)
  a +0 club
(38, 17, D:1)
  a +0 robe
(39, 17, D:1)
  a +0 hunting sling
(45, 24, D:1)
  13 arrows
(46, 21, D:1)
  13 arrows
(49, 32, D:1)
  a +0 dagger
(51, 14, D:1)
  a +0 hand axe
(58, 46, D:1)
  15 arrows

Level 2 of the Dungeon
(0, 0, D:2)
  a ration
(6, 12, D:2)
  16 stones
(8, 7, D:2)
  a +0 club
(16, 20, D:2)
  31 bolts

