Isairu Fige

Level 1 of the Dungeon
(9, -12, D:1)
  a +0 dagger
(19, 12, D:1)
  a +0 leather armour
(26, 3, D:1)
  a +0 dagger
(33, -16, D:1)
  2 stones
(34, -4, D:1)
  a cursed -2 dagger
(42, -5, D:1)
  20 arrows
(53, 10, D:1)
  a +0 club
  a hobgoblin corpse (skeletalised by now)

Level 2 of the Dungeon
[Shop] Gozag's Platinum Reserve
  (Shop contents are unknown)
(5, -8, D:2)
  a frilled lizard corpse
(8, -6, D:2)
  an adder skeleton
(9, -8, D:2)
  a bat corpse
(10, 1, D:2)
  a +0 club
(12, -5, D:2)
  a +0 naga barding
(12, -3, D:2)
  a potion of agility
(15, -5, D:2)
  a +0 club

