Gockoack

Level 1 of the Dungeon
(0, 0, D:1)
  a +0 hand axe
(2, -3, D:1)
  a +0 club
(13, 38, D:1)
  a +0 mace
(17, 23, D:1)
  18 stones
(27, -4, D:1)
  a +0 dagger
(44, -4, D:1)
  a +0 club

Level 2 of the Dungeon
(4, 0, D:2)
  a +0 hunting sling
(5, -6, D:2)
  a +0 club
(5, 0, D:2)
  a cursed +0 hunting sling
(6, -3, D:2)
  a +0 mace
(13, -20, D:2)
  a +0 scale mail
(15, 7, D:2)
  a +0 spear
(20, -12, D:2)
  a +0 club
(20, -7, D:2)
  a +0 club
(23, -29, D:2)
  25 arrows
(28, -31, D:2)
  a +0 hunting sling
(29, -37, D:2)
  a +0 whip
(32, -36, D:2)
  10 sling bullets
(43, -12, D:2)
  a +0 dagger
(54, -26, D:2)
  a +0 club

Level 3 of the Dungeon
(0, 0, D:3)
  a +0 dagger
(2, 21, D:3)
  16 sling bullets
(3, -12, D:3)
  a +0 club
(16, 12, D:3)
  a +0 flail
  a +0 ring mail
  a +0 dagger
(18, -9, D:3)
  a +0 dagger
(22, 12, D:3)
  a +0 whip
(28, -23, D:3)
  a +0 trident
  a +0 leather armour
  a cursed -3 club
(28, -14, D:3)
  16 stones
(29, -6, D:3)
  18 stones
(29, 8, D:3)
  a +0 spear
  a +0 robe
  a cursed -2 dagger
(32, -24, D:3)
  21 arrows
(34, -22, D:3)
  a +0 short sword
(45, -4, D:3)
  a +1 dagger of holy wrath
(46, 15, D:3)
  a +0 club

Level 4 of the Dungeon
(0, 0, D:4)
  a +0 hand axe
(1, 23, D:4)
  11 sling bullets
(11, 12, D:4)
  a +0 dagger
(15, 25, D:4)
  a +0 dagger
(17, 22, D:4)
  a +0 flail of crushing
  a cursed -2 war axe
  a +0 robe
(18, 22, D:4)
  a +0 giant spiked club
  a +0 mace
  a +0 mace
  a +0 leather armour
(24, 14, D:4)
  a +0 morningstar
  a +0 dagger
  a +0 robe
  a +0 trident
(25, 14, D:4)
  a +0 whip
  a +0 robe
  a +0 club
  a +0 halberd
(26, 14, D:4)
  a +0 war axe
(42, 26, D:4)
  13 poisoned needles
(43, -19, D:4)
  a +0 war axe
(53, -21, D:4)
  17 stones

