Rishmissa

Level 1 of the Dungeon
(0, 0, D:1)
  a +0 club
(17, 0, D:1)
  a frilled lizard corpse (skeletalised by now)
(22, -7, D:1)
  a +0 short sword
  a kobold corpse (skeletalised by now)
(29, 0, D:1)
  2 stones
(30, 0, D:1)
  a frilled lizard corpse (still there?)
  a leopard gecko corpse (still there?)
(34, -11, D:1)
  a +0 club
(35, -6, D:1)
  4 javelins
(36, -6, D:1)
  a +0 hunting sling
(38, 15, D:1)
  a frilled lizard corpse
(40, 2, D:1)
  a +0 whip
(45, -8, D:1)
  10 gold pieces
(46, -12, D:1)
  a potion of haste
(50, -8, D:1)
  24 sling bullets

