Terrynalisk

Level 1 of the Dungeon
(0, 0, D:1)
  21 stones
(1, 5, D:1)
  a +0 hunting sling
(2, 0, D:1)
  a stone
(3, -7, D:1)
  19 stones
(4, -7, D:1)
  11 stones
(4, -5, D:1)
  a stone
(4, -1, D:1)
  a stone
(5, -4, D:1)
  a stone
(5, 5, D:1)
  a +0 mace
(10, -2, D:1)
  a stone
(11, -1, D:1)
  5 stones
(12, 0, D:1)
  24 stones
(13, -2, D:1)
  11 stones
(16, -16, D:1)
  20 stones
(16, 29, D:1)
  24 stones
(19, 30, D:1)
  a +0 club
(21, 9, D:1)
  a +0 whip
(25, -20, D:1)
  a +1 dagger of venom
(26, 10, D:1)
  a kobold corpse (skeletalised by now)
(29, -16, D:1)
  a +0 mace
(30, -13, D:1)
  a +0 club

Level 2 of the Dungeon
(0, 0, D:2)
  8 stones
(2, -14, D:2)
  18 bolts
(4, -14, D:2)
  a +0 dagger
(7, -14, D:2)
  a stone
(11, -4, D:2)
  an uncursed ring of positive energy
(11, 3, D:2)
  a hobgoblin skeleton
(19, -4, D:2)
  a rat corpse

