Grunsh

Level 1 of the Dungeon
(0, 0, D:1)
  a +0 leather armour
(13, -7, D:1)
  a kobold corpse (skeletalised by now)
(13, 6, D:1)
  28 sling bullets
(15, -5, D:1)
  a +0 robe
(15, 8, D:1)
  a +0 club
(15, 12, D:1)
  a +0 club
(19, -2, D:1)
  a +0 club
(34, 0, D:1)
  a +0 whip
(38, -12, D:1)
  a +0 leather armour
(46, -6, D:1)
  a +0 dagger

Level 2 of the Dungeon
(0, 0, D:2)
  18 arrows
(1, 2, D:2)
  14 sling bullets
(7, 16, D:2)
  a +0 hunting sling
(12, 2, D:2)
  a +0 hunting sling
(33, 8, D:2)
  a +0 club
  a +0 club
(44, -5, D:2)
  a cursed -2 short sword
(44, 33, D:2)
  17 arrows
(45, 28, D:2)
  a +0 dagger
(53, 13, D:2)
  a cursed -2 club
(56, 7, D:2)
  a +0 hunting sling
(56, 33, D:2)
  a +0 club
(57, -3, D:2)
  a +0 dagger
(60, 46, D:2)
  a +0 robe

Level 3 of the Dungeon
(0, 0, D:3)
  a +0 club
  (unseen)

