Kerrashtorus

Level 1 of the Dungeon
(0, 0, D:1)
  a +0 club
(1, 7, D:1)
  a +0 club
(2, 28, D:1)
  a +0 club
(4, 30, D:1)
  a +0 club
(6, 2, D:1)
  20 sling bullets
(13, 32, D:1)
  a +0 short sword
(17, 1, D:1)
  a +0 club
(18, -3, D:1)
  a +0 club
(28, 34, D:1)
  a +0 dagger
(29, 31, D:1)
  a +0 club
(30, 42, D:1)
  a +0 dagger
(36, 19, D:1)
  a +0 club
(43, 3, D:1)
  13 bolts

Level 2 of the Dungeon
(0, 0, D:2)
  a +0 dagger
(1, -2, D:2)
  a +0 mace
(10, -13, D:2)
  8 poisoned needles
(12, 0, D:2)
  a +0 long sword
(18, 22, D:2)
  21 arrows
(21, -12, D:2)
  20 poisoned needles
(23, 5, D:2)
  a +0 leather armour

