Waaggaid

Level 1 of the Dungeon
(0, 0, D:1)
  a +0 hunting sling
(1, 22, D:1)
  a +0 club
(3, -17, D:1)
  a +0 short sword
(5, -12, D:1)
  a +0 club
(10, -3, D:1)
  8 stones
(17, -9, D:1)
  22 stones
(22, 18, D:1)
  a +0 dagger
(24, 11, D:1)
  23 sling bullets
(30, -18, D:1)
  a +0 whip
(31, -5, D:1)
  a +0 robe
(39, 3, D:1)
  2 stones
(40, 3, D:1)
  a stone
(40, 5, D:1)
  a stone
(41, 5, D:1)
  a stone
(42, -5, D:1)
  a +0 short sword
(42, 3, D:1)
  a stone
(43, 5, D:1)
  a stone
(45, 5, D:1)
  a stone
(46, 7, D:1)
  a +0 short sword
  8 stones
(46, 19, D:1)
  19 arrows
(60, 2, D:1)
  a +0 short sword

Level 2 of the Dungeon
(0, 0, D:2)
  a +0 club
(5, -21, D:2)
  a stone
(6, -14, D:2)
  a +0 mace
(9, -21, D:2)
  a +0 dagger of speed
  a kobold corpse
(10, -10, D:2)
  an adder skeleton

Level 3 of the Dungeon
(0, 0, D:3)
  a potion of invisibility
(8, 0, D:3)
  3 gold pieces

