Thonkk

Level 1 of the Dungeon
(3, 35, D:1)
  a kobold corpse (skeletalised by now)
(8, 38, D:1)
  a +0 club
(8, 40, D:1)
  a cursed -2 club
(15, 43, D:1)
  a +0 club
(19, 18, D:1)
  a +0 club
(20, 43, D:1)
  a +0 leather armour
(23, 4, D:1)
  a +0 club
(28, 8, D:1)
  an uncursed amulet of inaccuracy
(32, 3, D:1)
  a +0 ring mail
(39, 13, D:1)
  a +0 club
(41, 13, D:1)
  a +0 club
(41, 21, D:1)
  a +1 dagger of venom
(41, 49, D:1)
  a +0 dagger
(51, 10, D:1)
  a +0 chain mail

Level 2 of the Dungeon
(0, 0, D:2)
  12 gold pieces
(0, 2, D:2)
  an adder corpse
(1, 3, D:2)
  23 stones
(5, 3, D:2)
  11 gold pieces
  (unseen)
(6, 4, D:2)
  12 gold pieces

