Quintia

Level 1 of the Dungeon
(0, 0, D:1)
  22 arrows
(23, 16, D:1)
  a +0 leather armour
(25, 23, D:1)
  a +0 club

Level 2 of the Dungeon
(0, 0, D:2)
  a +0 club
(1, -1, D:2)
  a +0 dagger
(3, 18, D:2)
  a +0 ring mail
(25, 49, D:2)
  a +0 flail
(33, 12, D:2)
  a +0 dagger
(34, 8, D:2)
  an uncursed amulet of inaccuracy
(40, -6, D:2)
  17 bolts
(50, 14, D:2)
  a +0 leather armour

Level 3 of the Dungeon
(0, 0, D:3)
  a scroll of magic mapping
(3, 0, D:3)
  8 poisoned needles
(5, 0, D:3)
  6 tomahawks
  (unseen)
(6, -1, D:3)
  a +0 club
  a +0 leather armour
  a tomahawk
  an orc corpse
(6, 0, D:3)
  a +0 trident (still there?)
  a cursed -2 flail (still there?)
(9, -11, D:3)
  a cursed -1 club
(33, -3, D:3)
  a +0 whip of freezing
(35, -17, D:3)
  a kobold corpse (skeletalised by now)
(35, -10, D:3)
  a +0 club
  a kobold corpse (skeletalised by now)

