Tellinoya

Level 1 of the Dungeon
(0, 0, D:1)
  a +0 dagger
(7, 0, D:1)
  a +0 dagger
(7, 48, D:1)
  14 poisoned needles
(11, 39, D:1)
  a +0 dagger
(14, 36, D:1)
  a +0 club
(28, 27, D:1)
  a +0 club
(29, 22, D:1)
  a +0 hand axe
(32, 11, D:1)
  15 arrows
(42, -6, D:1)
  12 arrows
(48, 33, D:1)
  11 stones

Level 2 of the Dungeon
(0, 0, D:2)
  11 gold pieces
(5, -24, D:2)
  6 gold pieces
(9, -23, D:2)
  a book of Misfortune
(18, -4, D:2)
  13 stones
(21, -14, D:2)
  a scroll of teleportation
(41, 4, D:2)
  11 gold pieces

Level 3 of the Dungeon
(0, 0, D:3)
  20 arrows
(18, -12, D:3)
  a bat skeleton
(19, 1, D:3)
  27 stones
(21, -11, D:3)
  a bat skeleton
(41, -7, D:3)
  a kobold corpse (skeletalised by now)
(48, -7, D:3)
  a kobold corpse (skeletalised by now)
(59, 5, D:3)
  a kobold corpse (skeletalised by now)

