Dreccataxus

Level 1 of the Dungeon
(0, 0, D:1)
  a +0 dagger
(28, 2, D:1)
  a +0 ring mail
(68, 1, D:1)
  a +0 dagger

Level 2 of the Dungeon
(0, 0, D:2)
  a +0 club
(35, 24, D:2)
  a +0 club
  4 tomahawks
(39, -8, D:2)
  a +0 dagger
(40, -4, D:2)
  a +0 dagger
(41, 22, D:2)
  a tomahawk
(42, 22, D:2)
  a tomahawk
(43, 32, D:2)
  a +0 club
(44, 20, D:2)
  4 curare-tipped needles
(50, 9, D:2)
  a +0 pair of gloves

Level 3 of the Dungeon
(0, 0, D:3)
  a +0 whip
(2, 0, D:3)
  a +0 ring mail
(2, 1, D:3)
  a +0 club
(3, -1, D:3)
  a +0 spear
(3, 12, D:3)
  a +0 robe
(12, -36, D:3)
  a +0 short sword
(19, 18, D:3)
  a +0 halberd
(27, -15, D:3)
  a +0 mace
(28, 15, D:3)
  30 bolts
(34, -1, D:3)
  a +0 leather armour
(42, -21, D:3)
  a +0 leather armour

Level 4 of the Dungeon
(0, 0, D:4)
  the cursed +1 hand axe of Painful Death {freeze, Str+3 Int+2}
    It has been specially enchanted to freeze those struck by it, causing extra
    injury to most foes and up to half again as much damage against particularly
    susceptible opponents. It can also slow down cold-blooded creatures.
    
    It affects your strength (+3).
    It affects your intelligence (+2).
    It has a curse placed upon it.
(2, 8, D:4)
  a +0 leather armour
(4, 1, D:4)
  23 sling bullets
(8, 1, D:4)
  9 gold pieces
(8, 8, D:4)
  a potion of brilliance
(9, 7, D:4)
  a +0 dagger
  (unseen)
(9, 10, D:4)
  13 arrows
(11, 1, D:4)
  a +0 giant spiked club (still there?)
  a +0 dagger (still there?)
(11, 5, D:4)
  a +0 leather armour
(12, 31, D:4)
  an adder skeleton
(14, 17, D:4)
  a +0 ring mail
(15, 7, D:4)
  24 bolts
(16, 7, D:4)
  a +0 scale mail

