Meniekron

Level 1 of the Dungeon
(0, 0, D:1)
  a +0 short sword
(3, 29, D:1)
  a +0 club
(4, 22, D:1)
  a +0 hunting sling
(14, 27, D:1)
  a +0 dagger
(15, 3, D:1)
  a +0 club
(18, -1, D:1)
  a +0 dagger
(18, 1, D:1)
  a +0 short sword
(24, -8, D:1)
  a +0 club
(25, -3, D:1)
  a +0 club
  a +0 short sword
(30, 33, D:1)
  a +0 dagger
(30, 34, D:1)
  a +0 hand axe
(31, 34, D:1)
  22 sling bullets
(40, 17, D:1)
  a +0 club
(40, 22, D:1)
  a +0 club
(42, 3, D:1)
  a +0 club
(46, -10, D:1)
  a +0 dagger
(48, 4, D:1)
  a +0 whip

Level 2 of the Dungeon
(7, -11, D:2)
  a +0 short sword
(9, -19, D:2)
  a +0 dagger
(18, -11, D:2)
  a +0 robe
(21, 13, D:2)
  a +0 club
(28, 5, D:2)
  a +0 leather armour
(30, -1, D:2)
  a +0 leather armour
(49, -17, D:2)
  a +0 club
(50, 24, D:2)
  a +0 dagger
  a +0 hunting sling
  11 sling bullets
(50, 29, D:2)
  a sling bullet
(52, 32, D:2)
  a +0 club

Level 3 of the Dungeon
(0, 0, D:3)
  a cursed +0 scale mail
(3, -5, D:3)
  23 sling bullets
(6, -22, D:3)
  a +0 club
(17, -14, D:3)
  a +0 short sword
  a +0 dagger
(19, -3, D:3)
  a +0 robe
(20, -12, D:3)
  a +0 club
(21, -12, D:3)
  a cursed -3 club
  a +0 leather armour
(24, 6, D:3)
  a +0 short sword
(31, 10, D:3)
  a +0 ring mail
(42, -35, D:3)
  a +0 club
  a +0 hand axe
(42, -34, D:3)
  a +0 dagger
  a +0 ring mail
  a +0 hand axe
(42, -2, D:3)
  a +0 chain mail
(43, -38, D:3)
  a +0 spear
(44, -2, D:3)
  a +0 giant spiked club
(51, -12, D:3)
  a +0 hunting sling

Level 4 of the Dungeon
(0, 0, D:4)
  18 arrows
(4, 9, D:4)
  a cursed -2 whip
(5, -9, D:4)
  a +0 rapier
(5, -2, D:4)
  8 tomahawks
(16, -3, D:4)
  a +0 scale mail
(21, 5, D:4)
  9 bolts
(22, -15, D:4)
  a +0 ring mail
(24, 3, D:4)
  a tomahawk
(26, 10, D:4)
  a +0 spear
(28, 5, D:4)
  a tomahawk
(29, 1, D:4)
  a +0 chain mail
(29, 6, D:4)
  a cursed -2 club
  a +0 leather armour
(29, 7, D:4)
  a +0 hand axe
(30, 7, D:4)
  a +2 hand axe of freezing
(41, -25, D:4)
  a +0 ring mail
(41, -13, D:4)
  a +2 quarterstaff of crushing
(42, -7, D:4)
  a +0 hand axe
(48, 10, D:4)
  a +0 short sword
(60, -4, D:4)
  a +0 leather armour

Level 5 of the Dungeon
(2, 3, D:5)
  a +0 short sword
(4, -18, D:5)
  a +0 shortbow
(14, -5, D:5)
  21 bolts
(18, -5, D:5)
  a +0 scale mail
(26, -13, D:5)
  a +2 dagger of speed
  a +0 dagger
  a +0 robe
(27, -13, D:5)
  a +0 trident
  a +0 ring mail
(27, 4, D:5)
  a +0 shortbow
(28, -13, D:5)
  a +0 robe
(31, -17, D:5)
  a +0 club
  a +4 hunting sling
(32, -21, D:5)
  6 poisoned needles
(40, -16, D:5)
  a +0 robe
(42, -26, D:5)
  15 bolts
(52, 23, D:5)
  a +0 dagger

Level 6 of the Dungeon
(0, 0, D:6)
  a +1 hand axe of electrocution
  a +0 dagger
  a +0 robe
  a +0 club
  a +0 leather armour
  a +0 whip
  a +0 dagger
  a +0 robe
(3, -16, D:6)
  a +0 dagger
  (unseen)
(20, 5, D:6)
  a +0 giant club
(21, -18, D:6)
  a water moccasin corpse (skeletalised by now)
(22, -17, D:6)
  a +0 club
  a +0 leather armour
  a +1 dagger of electrocution
  a +0 robe
  a cursed -2 dagger
  a +0 robe
  a +0 flail
(22, -7, D:6)
  a +4 flail of protection
  a cursed +0 chain mail
(23, -17, D:6)
  a +0 club
  a +0 ring mail
  a +0 mace
  a +0 leather armour
  a +0 dagger
  a +0 robe
(23, 12, D:6)
  a +0 plate armour
(27, 1, D:6)
  a +0 hunting sling

