Drogtor

Level 1 of the Dungeon
(0, 0, D:1)
  13 poisoned needles
(0, 11, D:1)
  a +0 club
(5, 22, D:1)
  a +0 club
(15, 10, D:1)
  a +0 club
(29, 3, D:1)
  a +0 dagger
(30, 2, D:1)
  a +0 club
  a +0 dagger
(38, 11, D:1)
  a +0 club
(39, 0, D:1)
  a +0 robe
(58, 2, D:1)
  a +0 club
(63, 17, D:1)
  9 bolts

Level 2 of the Dungeon
(0, 0, D:2)
  a jackal skeleton
(7, -8, D:2)
  a hobgoblin skeleton
(7, -7, D:2)
  a bat skeleton
(10, -8, D:2)
  15 sling bullets
(19, -3, D:2)
  a +0 club
(26, -12, D:2)
  a +0 club
(36, -11, D:2)
  a kobold corpse (skeletalised by now)
(37, -11, D:2)
  a +0 club
(38, -13, D:2)
  a +0 mace
  a +0 dagger

