Triannis

Level 1 of the Dungeon
(0, 0, D:1)
  a hobgoblin corpse
(1, -2, D:1)
  a rat corpse
(4, 0, D:1)
  a rat corpse
(10, 4, D:1)
  a kobold corpse
(15, -4, D:1)
  27 stones
(18, 15, D:1)
  a frilled lizard corpse
(23, -4, D:1)
  a +0 short sword
(25, 30, D:1)
  25 arrows
(27, 33, D:1)
  a rat corpse (skeletalised by now)
(32, 24, D:1)
  a rat corpse (skeletalised by now)
(37, 11, D:1)
  a bat corpse (skeletalised by now)
(43, 17, D:1)
  a +0 leather armour
(45, 22, D:1)
  18 stones
(47, 22, D:1)
  a +0 club
(49, 22, D:1)
  a +0 dagger

