Cheffissi

Level 1 of the Dungeon
(0, 0, D:1)
  a +0 dagger
(5, 13, D:1)
  a +0 club
(6, 13, D:1)
  a stone
(13, -1, D:1)
  24 stones
(14, -1, D:1)
  a +0 chain mail
(35, -22, D:1)
  a +0 club
(36, -20, D:1)
  a +0 club
(37, -27, D:1)
  a +0 helmet
(38, 16, D:1)
  16 stones
(45, 8, D:1)
  a +0 robe
(51, -8, D:1)
  20 sling bullets
(61, 1, D:1)
  a +0 club

Level 2 of the Dungeon
(1, -19, D:2)
  a +1 hand axe of electrocution
(5, -5, D:2)
  a cursed -3 club
(14, -5, D:2)
  a +0 robe
(24, -14, D:2)
  a +0 long sword
(29, -31, D:2)
  30 sling bullets
(33, -36, D:2)
  a +0 robe
(33, 5, D:2)
  a throwing net
(34, 6, D:2)
  25 stones
(35, 15, D:2)
  28 stones
(38, 5, D:2)
  a +0 club
(44, -31, D:2)
  2 stones
(52, 16, D:2)
  a +0 ring mail
(56, 10, D:2)
  a +0 club

Level 3 of the Dungeon
(0, 0, D:3)
  a +0 club
(9, 22, D:3)
  a +0 blowgun
  7 poisoned needles
(11, 15, D:3)
  20 sling bullets
(15, 7, D:3)
  a poisoned needle
(15, 8, D:3)
  a poisoned needle
(16, 7, D:3)
  a poisoned needle
(16, 15, D:3)
  a poisoned needle
(18, 5, D:3)
  23 stones
(18, 17, D:3)
  15 sling bullets
(19, 15, D:3)
  2 poisoned needles
(19, 17, D:3)
  a poisoned needle
(20, 17, D:3)
  a poisoned needle
(22, -6, D:3)
  a +0 chain mail
(24, -11, D:3)
  a cursed +0 leather armour
(26, -5, D:3)
  14 stones
(30, 8, D:3)
  a +0 chain mail
(30, 12, D:3)
  a +0 chain mail
(31, 28, D:3)
  a +0 whip
  a stone
(35, -21, D:3)
  9 gold pieces
(37, 5, D:3)
  a +0 hunting sling
(44, 22, D:3)
  a +0 cloak

Level 4 of the Dungeon
(0, 0, D:4)
  a cursed -1 club
(7, -33, D:4)
  a +0 quarterstaff
(9, 0, D:4)
  a +0 robe
(15, 8, D:4)
  a +0 club
(17, -9, D:4)
  a +0 falchion
(33, 8, D:4)
  a +0 plate armour
(41, 8, D:4)
  a +0 hand axe
(42, 10, D:4)
  25 stones
(44, -7, D:4)
  a +0 giant club
(50, -7, D:4)
  13 bolts
(52, -7, D:4)
  the +7 war axe "Soetz" {chop, rPois}
    It inflicts extra damage upon your enemies.
    
    It protects you from poison.

Level 5 of the Dungeon
[Shop] Honoshay's Distillery
  a potion of flight (39 gold)
  a potion of cancellation (104 gold)
  a potion of degeneration (13 gold)
  a potion of flight (39 gold)
  a potion of curing (39 gold)
  a potion of heal wounds (65 gold)
  a potion of heal wounds (65 gold)
(0, 0, D:5)
  a +0 flail
  an orc corpse
(21, -39, D:5)
  14 stones
(21, -38, D:5)
  a +0 scale mail
(23, 16, D:5)
  6 tomahawks
(34, -32, D:5)
  a +0 ring mail
(43, -21, D:5)
  a +0 giant spiked club
(58, -3, D:5)
  17 arrows
(64, -21, D:5)
  a jackal corpse (skeletalised by now)
(67, -21, D:5)
  a jackal corpse (skeletalised by now)

Level 6 of the Dungeon
(0, 0, D:6)
  11 gold pieces
(1, 4, D:6)
  21 stones
(3, -9, D:6)
  a +0 short sword
  (unseen)
(8, 9, D:6)
  26 bolts
(10, -8, D:6)
  a scroll of enchant weapon

