Whisperhiss

Level 1 of the Dungeon
(15, -13, D:1)
  a +0 club
(17, -13, D:1)
  12 bolts
(22, -4, D:1)
  a +0 cloak
(28, -8, D:1)
  18 stones
(30, 18, D:1)
  5 poisoned needles
(32, 14, D:1)
  a +0 dagger
(33, 21, D:1)
  18 sling bullets
(35, -12, D:1)
  a +0 club

Level 2 of the Dungeon
(0, 0, D:2)
  a +0 short sword
(1, -1, D:2)
  a bat corpse
(5, -17, D:2)
  a +0 scale mail
(7, -8, D:2)
  a +0 club
(13, -29, D:2)
  21 sling bullets
(16, -22, D:2)
  a +0 dagger
(20, -3, D:2)
  a bat corpse (skeletalised by now)
(21, -7, D:2)
  an adder corpse (skeletalised by now)
(22, -23, D:2)
  a +0 short sword
(59, -8, D:2)
  an adder corpse (skeletalised by now)

Level 3 of the Dungeon
(0, 0, D:3)
  a ration
(3, 13, D:3)
  14 stones
(5, 4, D:3)
  a +0 flail
  (unseen)

