Greaseheel

Level 1 of the Dungeon
(0, 0, D:1)
  a +0 short sword
(4, -31, D:1)
  a +0 club
(10, -21, D:1)
  a +0 short sword
(11, -2, D:1)
  2 stones
(11, 0, D:1)
  a +0 whip
(11, 2, D:1)
  a stone
  a +0 dagger
(11, 4, D:1)
  a +0 dagger
  a stone
(13, -28, D:1)
  a +0 mace
(17, -26, D:1)
  a cursed -3 club
(21, -27, D:1)
  a +0 ring mail
(23, 6, D:1)
  13 sling bullets
(23, 7, D:1)
  23 stones
(26, -9, D:1)
  24 bolts
(33, -29, D:1)
  a +0 club
(35, -20, D:1)
  a +0 dagger
(40, -31, D:1)
  a +0 ring mail
(46, 6, D:1)
  a +0 club

Level 2 of the Dungeon
(0, 0, D:2)
  a cursed +0 club
(12, -10, D:2)
  a +0 club
(16, 0, D:2)
  a +0 club
(17, -11, D:2)
  23 stones
(19, -19, D:2)
  a +0 club
(19, 16, D:2)
  a stone
(38, -26, D:2)
  a +0 club
(41, 0, D:2)
  a +0 club

Level 3 of the Dungeon
(0, 0, D:3)
  a frilled lizard skeleton
(0, 3, D:3)
  a +0 helmet
(2, 0, D:3)
  a kobold skeleton
  a kobold skeleton
(6, 0, D:3)
  a throwing net

