Matthias

Level 1 of the Dungeon
(0, 0, D:1)
  a +0 short sword
(5, -2, D:1)
  a +0 club
(14, -12, D:1)
  a +0 club
(17, -4, D:1)
  a +0 ring mail
(18, 18, D:1)
  a +0 club
(38, 4, D:1)
  a +0 hunting sling
(42, -9, D:1)
  a +0 robe
(58, -1, D:1)
  a +0 dagger

Level 2 of the Dungeon
(0, 0, D:2)
  a +0 leather armour
(3, -20, D:2)
  a +0 dagger
(8, 2, D:2)
  a +0 mace
(9, 4, D:2)
  a +0 ring mail
(15, 8, D:2)
  a +0 club
(19, 7, D:2)
  a +0 dagger
(26, 4, D:2)
  a +0 short sword
(31, 26, D:2)
  a cursed -2 dagger
(32, 7, D:2)
  a +0 dagger
  a +0 club
(35, -5, D:2)
  a +0 club
(40, 13, D:2)
  a +0 spear
(43, 0, D:2)
  a +0 robe
(46, -20, D:2)
  a +0 dagger
(58, 2, D:2)
  a +4 quarterstaff of chaos
(60, 1, D:2)
  a +0 mace

Level 3 of the Dungeon
(0, 0, D:3)
  a +0 club
  a +0 club
  a +0 club
(0, 3, D:3)
  a +0 club
  a +0 club
  a +0 club
(0, 4, D:3)
  a +0 club
  a +0 club
  a +0 club
(1, 1, D:3)
  a +0 club
  a +0 club
(7, 4, D:3)
  a +0 club
(8, -44, D:3)
  a +0 long sword
(8, 4, D:3)
  a +0 club
(10, -9, D:3)
  a +0 club
(18, 6, D:3)
  a +0 club
(19, 5, D:3)
  a +0 club
(20, -1, D:3)
  a cursed -1 club
(24, -22, D:3)
  a +0 war axe
(27, -4, D:3)
  a +0 club
(29, -4, D:3)
  a +0 club
(32, -11, D:3)
  a +0 dagger
  a +0 whip
  a +0 club
  a +0 short sword
  a +0 blowgun
  6 poisoned needles
(33, -11, D:3)
  a +0 club
  a +0 club
(34, -11, D:3)
  a +4 halberd
  a poisoned needle
(35, 2, D:3)
  a +0 dagger
(37, 5, D:3)
  a +0 club
  a +0 mace
  a +0 club
  a +0 club
(38, -1, D:3)
  a cursed -3 club
(38, 1, D:3)
  a +0 club
(38, 2, D:3)
  a +0 club
(39, -1, D:3)
  a +0 club
(44, -16, D:3)
  a +0 leather armour
(48, 4, D:3)
  a +0 whip
(49, 1, D:3)
  a cursed -2 club
  a +0 club
(49, 4, D:3)
  a +0 flail
  a +0 ring mail
(63, -41, D:3)
  a +0 club

Level 4 of the Dungeon
(0, 0, D:4)
  a +0 whip
(0, 1, D:4)
  a +0 spear
(1, 1, D:4)
  a +0 spear
(4, 2, D:4)
  a cursed -3 whip
  a +0 leather armour
(8, 39, D:4)
  8 poisoned needles
(11, -9, D:4)
  a +0 dagger
  a +0 leather armour
  a +0 short sword
  a +0 leather armour
  a +0 club
  a +0 ring mail
  a +2 dagger of draining
  a +0 robe
  a +2 flail of crushing
  a +0 hand axe
  a +0 flail
  a +0 leather armour
  a +0 club
  a +0 chain mail
(11, -7, D:4)
  a +0 dagger
  a +0 robe
(64, 50, D:4)
  a +0 trident

Level 5 of the Dungeon
(23, -3, D:5)
  a +4 hunting sling
(27, -1, D:5)
  a +0 shield
(28, -14, D:5)
  a +0 scale mail
(28, 0, D:5)
  a +0 club
  a +0 scale mail
(42, -2, D:5)
  the +3 short sword of Itten {holy, +Rage}
    It has been blessed by the Shining One to cause great damage to the undead
    and demons.
    
    It lets you go berserk.

Level 6 of the Dungeon
(0, 0, D:6)
  a +0 dagger
(5, -26, D:6)
  a +0 rapier
(6, -24, D:6)
  a +0 long sword
  a +0 robe
  a +0 short sword
  a +0 robe
  a +2 trident
  a +0 robe
(7, -24, D:6)
  a cursed -3 trident
  a +2 robe of magic resistance
(10, -24, D:6)
  a +0 giant club
(13, -10, D:6)
  a +0 hat
(15, 11, D:6)
  a +0 trident
(22, 14, D:6)
  a +0 ring mail
(32, 10, D:6)
  a +0 spear
(33, 10, D:6)
  a +0 whip
  a +0 whip
(46, 2, D:6)
  a +0 mace

Level 7 of the Dungeon
(23, 16, D:7)
  a +0 chain mail
(26, -6, D:7)
  a +0 dagger
  a +0 robe
(26, 11, D:7)
  a +0 dagger
(28, -4, D:7)
  a +0 whip
  a +0 whip
(28, -3, D:7)
  a +0 war axe
(30, -14, D:7)
  a +0 trident
  a +0 chain mail
(30, -13, D:7)
  a tomahawk
  a +0 falchion
  a +0 leather armour
(30, -12, D:7)
  a cursed -3 dagger
  a +2 trident of venom
(31, -13, D:7)
  a +0 chain mail
  a +1 vampiric short sword
  a tomahawk
  a +0 ring mail
(36, -5, D:7)
  a +0 leather armour
(37, 14, D:7)
  a throwing net
(38, -13, D:7)
  a +0 hand axe
(38, -12, D:7)
  9 poisoned needles
(39, -3, D:7)
  12 bolts
(49, -6, D:7)
  a +0 quarterstaff

Level 8 of the Dungeon
[Shop] Fuggits's Weapon Shop
  14 arrows (33 gold)
  20 stones (24 gold)
  a +0 dagger (24 gold)
  28 stones (33 gold)
  7 javelins (67 gold)
  a +0 war axe (42 gold)
  a +0 lajatang (180 gold)
  a +1 scimitar of flaming (170 gold)
  4 needles of frenzy (19 gold)
(2, 29, D:8)
  a +3 mace
  a +0 leather armour
(2, 30, D:8)
  a +0 dagger
  a +0 robe
(5, 17, D:8)
  a +0 war axe
(11, 28, D:8)
  a +0 hand axe
  a +0 leather armour
  a +0 trident
(12, 27, D:8)
  a +0 war axe
  a +0 flail
  a +0 plate armour
(16, 18, D:8)
  a +0 giant spiked club

Level 9 of the Dungeon
(5, -23, D:9)
  a +0 club
(5, -2, D:9)
  a +0 giant club
  a +0 giant club
(19, -7, D:9)
  a +0 demon blade
(28, 5, D:9)
  a cursed -2 giant club
  a +0 giant club
(30, -14, D:9)
  a +0 dagger
  a +0 long sword
  a +0 chain mail
  a cursed -3 dagger
  a +1 robe of fire resistance
(31, -14, D:9)
  a +0 falchion
  a +0 chain mail
  a +0 dagger
  a +0 robe
(34, -33, D:9)
  a +0 whip

Level 10 of the Dungeon
(2, -21, D:10)
  a +0 dagger of freezing
  a +2 robe of positive energy
(6, -39, D:10)
  21 bolts
(7, -25, D:10)
  a +0 giant club
(15, -17, D:10)
  the +6 scale mail of Tudol {MR+ Slay+3}
    It affects your accuracy and damage with ranged weapons and melee attacks
    (+3).
    It affects your resistance to hostile enchantments.
(16, -46, D:10)
  a +0 shortbow
(17, -46, D:10)
  a +0 dagger
  a +0 ring mail
(17, -33, D:10)
  22 bolts
(34, -23, D:10)
  a +0 war axe
  a +0 plate armour
(34, -21, D:10)
  a +0 dagger
  a +0 robe
(35, -5, D:10)
  a sling bullet
(36, -22, D:10)
  a +0 giant spiked club
(36, -3, D:10)
  a +0 quarterstaff
  a +0 hunting sling
  37 sling bullets
  a +2 ring mail of fire resistance
(38, -23, D:10)
  a +0 hand axe
  a +0 ring mail
  a cursed +4 spear
  a +0 robe of resistance
(39, -23, D:10)
  a +0 flail
  a +0 robe
  a cursed +0 great sword
  a +0 robe
  a cursed +1 hand axe of freezing
  a +0 robe
(40, -23, D:10)
  a +2 leather armour of fire resistance
  a +0 leather armour
(41, 2, D:10)
  23 bolts

Level 11 of the Dungeon
(0, 0, D:11)
  a +0 short sword
  a +0 leather armour
  a +0 club
  a +0 blowgun
  a +0 club
  11 poisoned needles
  an ugly thing corpse (skeletalised by now)
  a big kobold corpse (skeletalised by now)
(0, 32, D:11)
  a +0 short sword
(1, 0, D:11)
  a +2 short sword of venom
  a +0 dagger
  a +0 robe
  a +0 short sword
(1, 31, D:11)
  a +0 short sword
  a big kobold corpse
(2, 24, D:11)
  a potion of curing
(5, 6, D:11)
  a -2 spear of flaming
(7, -2, D:11)
  a +0 leather armour

