Melfira

Level 1 of the Dungeon
(0, 0, D:1)
  a +0 dagger
(1, -31, D:1)
  9 stones
(8, -2, D:1)
  15 sling bullets
(9, -15, D:1)
  a +0 short sword
(15, -18, D:1)
  a +0 robe
(15, -8, D:1)
  a +0 dagger
(19, -2, D:1)
  9 bolts
(21, -33, D:1)
  a +0 dagger
(21, -4, D:1)
  a +0 scale mail
(24, -9, D:1)
  a +0 club
(34, -26, D:1)
  a +0 club
(36, -14, D:1)
  a +0 hunting sling
(39, 0, D:1)
  a +2 dagger of protection
  4 stones
(42, -17, D:1)
  13 stones
(45, -19, D:1)
  a +0 club
(49, -30, D:1)
  a +0 large shield

Level 2 of the Dungeon
(1, 12, D:2)
  a jackal corpse (skeletalised by now)
(5, -5, D:2)
  4 large rocks
(6, 16, D:2)
  a +0 spear
(8, -6, D:2)
  a +0 mace
(8, 10, D:2)
  a bat corpse (skeletalised by now)
(8, 20, D:2)
  a +0 rapier
(13, -11, D:2)
  a +0 robe
(15, -18, D:2)
  22 arrows
(15, 4, D:2)
  a ration
(21, -16, D:2)
  a rat corpse

