Blustaria

Level 1 of the Dungeon
(0, 0, D:1)
  a +0 dagger
(20, -32, D:1)
  12 stones
(21, -46, D:1)
  a +0 club
(26, -17, D:1)
  a stone
(27, -17, D:1)
  a stone
(28, -15, D:1)
  a +0 club
(40, -8, D:1)
  a +0 spear
(41, -19, D:1)
  a +0 dagger
(44, -22, D:1)
  a +0 dagger
(45, -10, D:1)
  a +0 whip
(47, -36, D:1)
  14 sling bullets
(49, -35, D:1)
  a cursed -3 short sword
(49, -14, D:1)
  20 stones
(50, -38, D:1)
  a +0 short sword
(50, -37, D:1)
  a +0 club
(54, -46, D:1)
  a +0 dagger
  2 stones
(56, -42, D:1)
  29 bolts
(56, -12, D:1)
  a +0 dagger
(58, -46, D:1)
  a stone

Level 2 of the Dungeon
(0, 0, D:2)
  a frilled lizard skeleton
(1, 7, D:2)
  16 stones
(1, 13, D:2)
  19 arrows
(4, -8, D:2)
  a +0 flail
(7, -5, D:2)
  19 stones
(9, -8, D:2)
  a throwing net
(10, -1, D:2)
  3 curare-tipped needles

