Grenrussa

Level 1 of the Dungeon
(0, 0, D:1)
  a stone
(2, 11, D:1)
  a +0 dagger
(3, -9, D:1)
  a stone
(8, 31, D:1)
  an uncursed amulet of inaccuracy
  a -1 dagger
(9, 17, D:1)
  a +0 robe
(20, 29, D:1)
  a +0 naga barding
(23, 17, D:1)
  a cursed -1 dagger
(29, 6, D:1)
  15 stones
(32, 9, D:1)
  a cursed +0 buckler
(33, 28, D:1)
  27 arrows
(34, 1, D:1)
  a cursed amulet of inaccuracy
(44, 4, D:1)
  8 javelins of penetration
(44, 7, D:1)
  a +0 pair of boots
(45, 35, D:1)
  a +0 club
(45, 37, D:1)
  a stone
(49, 19, D:1)
  a +0 robe
(59, -8, D:1)
  a +0 buckler

Level 2 of the Dungeon
(0, 0, D:2)
  a +0 scale mail
  a +0 hand axe
(0, 15, D:2)
  a +0 ring mail
(1, 29, D:2)
  24 stones
(6, 13, D:2)
  18 stones
(12, -11, D:2)
  a +3 leather armour
(13, -8, D:2)
  a +0 hand axe
  a stone
  a kobold corpse
(13, -7, D:2)
  a +0 short sword
(14, 20, D:2)
  a +0 short sword
(15, 27, D:2)
  a stone
(18, 29, D:2)
  a +0 plate armour
(21, 2, D:2)
  a +0 hand axe
(22, 25, D:2)
  a cursed +0 short sword
(23, 2, D:2)
  17 arrows
(28, 19, D:2)
  a +0 scythe
  a +0 robe
(30, 6, D:2)
  a +0 ring mail
(30, 9, D:2)
  16 bolts
(32, 3, D:2)
  a cursed -1 hand axe

Level 3 of the Dungeon
(0, 0, D:3)
  a scroll of enchant armour
(3, -21, D:3)
  a +0 club
  a hobgoblin skeleton

