Gork

Level 1 of the Dungeon
(0, 0, D:1)
  a +0 robe
(4, -10, D:1)
  a +0 club
(4, 8, D:1)
  a +0 dagger
(9, 10, D:1)
  a +0 dagger
(15, -13, D:1)
  2 javelins
(15, 14, D:1)
  7 tomahawks of returning
(22, 16, D:1)
  a +0 whip
(29, -11, D:1)
  a +0 club
(30, -1, D:1)
  22 arrows
(33, 25, D:1)
  a +0 club
(44, 15, D:1)
  a +3 dagger
(49, 22, D:1)
  a +0 leather armour
(53, 15, D:1)
  a +0 robe

Level 2 of the Dungeon
(0, 0, D:2)
  23 arrows
(8, 13, D:2)
  a hobgoblin skeleton
(11, 14, D:2)
  6 sling bullets
(13, 11, D:2)
  a +0 halberd
(14, 13, D:2)
  a +0 halberd
(15, 13, D:2)
  a +0 spear of venom
(23, -3, D:2)
  a stone
(23, -1, D:2)
  3 stones
(24, -2, D:2)
  a stone
(25, -1, D:2)
  a kobold corpse
(25, 7, D:2)
  a +0 club
  a hobgoblin skeleton
(26, -3, D:2)
  a stone

