Kreantax

Level 1 of the Dungeon
(0, 0, D:1)
  a +0 club
(13, 4, D:1)
  15 arrows
(15, -13, D:1)
  a +0 short sword
  a kobold corpse (skeletalised by now)
(17, -14, D:1)
  a +0 club
(25, 0, D:1)
  24 stones
(27, -3, D:1)
  a +0 dagger
(28, 6, D:1)
  a +0 club
(41, 1, D:1)
  a stone
(42, 1, D:1)
  a +0 club
  a stone
  a rat skeleton
  a hobgoblin skeleton
(42, 5, D:1)
  6 tomahawks
(43, 0, D:1)
  2 stones
(43, 1, D:1)
  a stone
  a kobold corpse
(47, -22, D:1)
  26 arrows

Level 2 of the Dungeon
(0, 0, D:2)
  a goblin corpse
(1, 10, D:2)
  a scroll of teleportation

