Dariax

Level 1 of the Dungeon
(0, 0, D:1)
  a +0 shield
(2, 53, D:1)
  a +0 club
(5, 32, D:1)
  a +0 short sword
(7, 33, D:1)
  a +0 club
(13, -4, D:1)
  a stone
(18, -3, D:1)
  a +0 whip
(22, 23, D:1)
  a +0 dagger
(28, 20, D:1)
  a +0 hand axe
(28, 49, D:1)
  a +0 club
(37, 2, D:1)
  a +0 club
(43, 32, D:1)
  a +0 dagger
(51, 13, D:1)
  a +0 whip
  a +0 club
(51, 28, D:1)
  a +4 dagger
(52, 13, D:1)
  a +0 club
(54, 19, D:1)
  a +0 robe

Level 2 of the Dungeon
(10, -12, D:2)
  a +0 club
(12, -3, D:2)
  a +0 whip
(13, -13, D:2)
  a +0 ring mail
(23, 11, D:2)
  25 bolts
(25, -7, D:2)
  a +0 club
(28, 1, D:2)
  a +0 club
(29, 0, D:2)
  a +0 club
(31, 0, D:2)
  a +0 dagger
(39, 2, D:2)
  a +0 short sword

Level 3 of the Dungeon
(0, 0, D:3)
  a tomahawk
(1, -3, D:3)
  a +0 leather armour
(1, 3, D:3)
  a tomahawk
(2, -13, D:3)
  a +2 dagger of protection
(9, 15, D:3)
  a cursed -2 club
(10, -4, D:3)
  a +0 mace
(22, -7, D:3)
  a +0 flail
(25, 6, D:3)
  20 bolts
(28, 5, D:3)
  a +0 leather armour
(28, 8, D:3)
  a +0 hunting sling
(52, 18, D:3)
  a +0 dagger
(59, -10, D:3)
  a +0 robe
(61, -3, D:3)
  a rat skeleton

