Yqodi

Level 1 of the Dungeon
(0, 0, D:1)
  a cursed -1 whip
(2, -36, D:1)
  a +0 short sword
(4, -27, D:1)
  a +0 club
(5, -47, D:1)
  a +0 dagger
(14, -22, D:1)
  26 stones
(29, -44, D:1)
  a +0 whip
  a +0 short sword
(29, -43, D:1)
  a stone
(31, -35, D:1)
  a +0 ring mail
(38, -46, D:1)
  a +0 whip
(40, -27, D:1)
  a +0 scale mail
(48, -33, D:1)
  19 stones
(51, -33, D:1)
  a +0 robe

Level 2 of the Dungeon
(0, 0, D:2)
  2 stones
(0, 1, D:2)
  a stone
(3, -1, D:2)
  22 sling bullets
(7, -1, D:2)
  a stone
(9, -3, D:2)
  a stone
(9, 6, D:2)
  a +0 leather armour
(10, -10, D:2)
  a stone
(10, -4, D:2)
  a worm corpse
(10, -3, D:2)
  a leopard gecko corpse
(10, -2, D:2)
  a bat corpse
(11, 0, D:2)
  a stone
(13, -2, D:2)
  a stone
(13, -1, D:2)
  a stone
(14, 8, D:2)
  a stone
(16, -4, D:2)
  a stone
(20, 7, D:2)
  a giant cockroach corpse
(21, -8, D:2)
  9 gold pieces
(21, -1, D:2)
  8 gold pieces
(23, 7, D:2)
  a +0 short sword

