Llundug

Level 1 of the Dungeon
(5, 19, D:1)
  a +0 hand axe
(10, -1, D:1)
  a +0 dagger
(11, -3, D:1)
  a +0 dagger
(15, 33, D:1)
  a cursed +0 pair of gloves
(25, 6, D:1)
  a +0 dagger
(27, 14, D:1)
  a +0 leather armour
(34, -7, D:1)
  a +0 club
(40, -15, D:1)
  a +0 hand axe

Level 2 of the Dungeon
(0, 0, D:2)
  a +0 club
(1, 1, D:2)
  a +0 scythe
  a +0 robe
(6, 5, D:2)
  a +0 club
(10, 11, D:2)
  a +0 club
(11, 14, D:2)
  a +0 club
(13, 13, D:2)
  a +0 leather armour
(13, 14, D:2)
  a +0 club
(15, -8, D:2)
  a +0 short sword
(24, 7, D:2)
  a +0 dagger
(26, 10, D:2)
  a +0 club
(27, 11, D:2)
  a +0 dagger
(28, 11, D:2)
  a +0 short sword
(28, 20, D:2)
  11 arrows
(40, 23, D:2)
  a +0 trident
(45, 17, D:2)
  a +0 long sword

Level 3 of the Dungeon
(0, 0, D:3)
  a +0 mace
(3, -23, D:3)
  a +0 rapier
(5, -2, D:3)
  a +0 whip
(8, -16, D:3)
  a +0 dagger
  a +0 robe
  a +0 dagger
(9, -16, D:3)
  a +0 dagger
  a +0 robe
(9, -15, D:3)
  a +0 flail
(10, -9, D:3)
  a +0 robe
(14, 10, D:3)
  a +0 flail
  a cursed +0 chain mail
(14, 11, D:3)
  a +0 club
  a +0 ring mail
  a +0 dagger
  a +0 robe
(15, 11, D:3)
  a +0 whip
  a +0 chain mail
  a +0 club
  a +0 dagger
  a +0 robe
(16, -22, D:3)
  a +0 club
(18, 13, D:3)
  a +0 buckler
(21, 13, D:3)
  a +0 dagger
  a +0 robe
(23, 13, D:3)
  a +0 giant club
(23, 14, D:3)
  a +0 dagger
  a +0 leather armour
(24, 14, D:3)
  a +0 trident
  a +0 scale mail
(26, 28, D:3)
  a cursed -3 hand axe
(34, 7, D:3)
  a +0 scale mail
(35, -9, D:3)
  a +0 trident

Level 4 of the Dungeon
(0, 0, D:4)
  a -3 ring of evasion
(15, -13, D:4)
  a +0 whip of flaming
(17, -12, D:4)
  a +0 flail
  a +0 giant spiked club
(19, 25, D:4)
  a +0 flail
  a +0 dagger
  a +0 robe
(20, 25, D:4)
  a +0 dagger
  a +0 robe
(21, 7, D:4)
  a cursed -2 club
  a +0 leather armour
  a +0 trident
(38, 4, D:4)
  a +0 long sword
(39, -5, D:4)
  16 bolts

Level 5 of the Dungeon
(0, 0, D:5)
  a +0 leather armour
(7, 21, D:5)
  a +0 giant club
(7, 27, D:5)
  a +0 ring mail
(10, 10, D:5)
  a +0 dagger
(20, 38, D:5)
  a +0 ring mail
(31, 9, D:5)
  a cursed +0 chain mail
(43, 7, D:5)
  a +0 leather armour
(46, 36, D:5)
  a +0 robe

Level 6 of the Dungeon
(0, 0, D:6)
  5 javelins
(2, -10, D:6)
  a +0 robe
(10, 20, D:6)
  a +0 war axe
(15, -17, D:6)
  2 tomahawks
(15, 13, D:6)
  a +0 falchion of holy wrath
(16, -17, D:6)
  a tomahawk
(18, -19, D:6)
  a +0 hand axe
  a +0 scale mail
(18, 8, D:6)
  a +0 mace
(19, -17, D:6)
  a +0 dagger
  a +0 dagger of chaos
  a +0 robe
(21, 4, D:6)
  a +0 morningstar
(22, -10, D:6)
  a +0 robe
(28, -4, D:6)
  a +0 dagger
  (unseen)
(32, 20, D:6)
  a +0 dagger
  a +0 robe
  a +0 rapier of holy wrath
  a +0 leather armour
(36, -24, D:6)
  a +0 whip
  a +0 scale mail
(36, -23, D:6)
  a +0 club
  a cursed +0 scale mail
  a +0 dagger
  a +0 robe

Level 7 of the Dungeon
(0, 0, D:7)
  a +2 hand axe
  a +0 robe
  a +4 flail of freezing
  a +0 robe
  a cursed +2 short sword
  a +0 robe
  a +0 shortbow
(2, 25, D:7)
  a +0 spear
(11, -1, D:7)
  a +0 long sword
(13, -7, D:7)
  a +0 ring mail
(35, 26, D:7)
  a +0 leather armour
(39, 26, D:7)
  a +2 vampiric long sword
(40, 1, D:7)
  a +0 club
(41, 3, D:7)
  a +0 dagger
  a +0 robe

Level 8 of the Dungeon
(0, 0, D:8)
  a +0 flail
  a +0 robe
  a +0 halberd
  a +0 robe
(0, 1, D:8)
  a +0 falchion
  a +0 robe
(1, 1, D:8)
  a +5 spear
  a +0 robe
(17, -20, D:8)
  a +0 leather armour
(17, 9, D:8)
  19 bolts
(25, -16, D:8)
  a +0 long sword
(32, 6, D:8)
  a +0 dagger
  a cursed -3 dagger
(37, -17, D:8)
  a +0 giant spiked club
(39, 18, D:8)
  a +0 giant club
(42, 13, D:8)
  a +0 quarterstaff
(45, -9, D:8)
  a cursed +0 cloak
(45, 3, D:8)
  a +0 halberd
  3 throwing nets
  a +0 scale mail
(48, 7, D:8)
  a +0 ring mail
(49, -5, D:8)
  the +2 pair of gloves "Lane" {rF+ Int-5 Stlth+}
    It affects your intelligence (-5).
    It protects you from fire.
    It makes you more stealthy.

