Meggranosh

Level 1 of the Dungeon
(0, 0, D:1)
  11 arrows
(5, 18, D:1)
  a +0 dagger
(22, 4, D:1)
  25 arrows
(23, -12, D:1)
  a +0 hunting sling
(25, -25, D:1)
  19 stones
(25, -21, D:1)
  a +0 club
(25, -20, D:1)
  a +0 short sword
(25, -18, D:1)
  a stone
(27, 5, D:1)
  22 stones
(31, -17, D:1)
  15 stones
(31, -16, D:1)
  21 stones
(36, -11, D:1)
  a +0 club
(41, 14, D:1)
  a +1 dagger of venom
(45, 2, D:1)
  14 sling bullets
(46, -18, D:1)
  23 stones
(54, -6, D:1)
  2 stones
(54, -3, D:1)
  a stone
(54, 0, D:1)
  a +0 short sword
  a +0 club

Level 2 of the Dungeon
(0, 0, D:2)
  a +0 robe
(19, -3, D:2)
  8 gold pieces
(21, 14, D:2)
  a cursed -3 dagger
(25, -5, D:2)
  a +0 club
  (unseen)
(25, 9, D:2)
  a stone
  a rat skeleton
(26, 8, D:2)
  a stone
(27, -5, D:2)
  a +0 club
  (unseen)
(27, 8, D:2)
  a stone
(37, 11, D:2)
  a bat skeleton

