Demelliagus

Level 1 of the Dungeon
(0, 0, D:1)
  a +0 dagger
(13, 11, D:1)
  a +0 whip
(15, 23, D:1)
  a +0 whip
(17, -7, D:1)
  26 arrows
(24, 16, D:1)
  a +0 leather armour
(27, 3, D:1)
  a +0 club
(32, 23, D:1)
  a +0 short sword

Level 2 of the Dungeon
(0, 0, D:2)
  a +0 club
(12, 3, D:2)
  12 bolts
(20, -14, D:2)
  a +0 whip
(22, -20, D:2)
  15 stones
(22, 1, D:2)
  a +0 flail
(24, -13, D:2)
  a +0 club
(24, 22, D:2)
  18 stones
(25, 32, D:2)
  17 poisoned needles
(26, -12, D:2)
  a +0 short sword
  3 stones
(32, -6, D:2)
  a +0 leather armour
(39, -15, D:2)
  a +0 club
(48, 33, D:2)
  8 gold pieces

Level 3 of the Dungeon
(0, 0, D:3)
  a +0 club
(5, -13, D:3)
  9 gold pieces
(8, -13, D:3)
  19 stones
(8, -7, D:3)
  a frilled lizard corpse
(9, 2, D:3)
  a throwing net
(16, 1, D:3)
  a potion of might
(18, -1, D:3)
  15 gold pieces

