Miyashu

Level 1 of the Dungeon
(0, 0, D:1)
  12 bolts
(2, -7, D:1)
  9 poisoned needles
(3, -32, D:1)
  a +0 club
(10, -17, D:1)
  a +0 helmet
(11, -17, D:1)
  a +0 club
(12, 8, D:1)
  a +0 club
(12, 9, D:1)
  a +0 club
(13, -30, D:1)
  23 stones
(20, -33, D:1)
  13 stones
(31, 3, D:1)
  18 stones
(34, -32, D:1)
  10 poisoned needles

Level 2 of the Dungeon
(3, 6, D:2)
  a cursed -1 club
(5, 7, D:2)
  5 stones
(10, -5, D:2)
  a +0 dagger
(20, 12, D:2)
  a cursed -3 short sword
(22, 1, D:2)
  a +0 club
(23, 1, D:2)
  a +0 spear
(25, 44, D:2)
  a +0 robe
(27, 7, D:2)
  a +0 plate armour
(28, 10, D:2)
  14 stones
(39, 6, D:2)
  3 stones
(41, 8, D:2)
  a stone
(41, 27, D:2)
  a +0 club
(45, 17, D:2)
  13 stones

Level 3 of the Dungeon
(0, 0, D:3)
  a +0 mace
(4, -3, D:3)
  a +1 hunting sling of flaming
(13, -7, D:3)
  a +0 club
  a +0 ring mail
(16, -7, D:3)
  a +0 leather armour
(19, -12, D:3)
  a +0 whip
  a kobold corpse
(30, -17, D:3)
  an adder skeleton
(41, -16, D:3)
  21 stones
(44, -14, D:3)
  11 gold pieces

