Piqaani

Level 1 of the Dungeon
(0, 0, D:1)
  a +0 short sword
(2, 40, D:1)
  a +0 whip
(12, 26, D:1)
  a +0 dagger
(20, 17, D:1)
  a stone
(20, 21, D:1)
  a stone
(21, 20, D:1)
  a stone

Level 2 of the Dungeon
(5, -9, D:2)
  a +0 club
  3 tomahawks
(5, 17, D:2)
  a +0 club
(5, 18, D:2)
  a +0 whip
(6, -13, D:2)
  a +0 club
(14, -2, D:2)
  a +0 robe
(34, 17, D:2)
  17 arrows
(35, 1, D:2)
  a +0 club

Level 3 of the Dungeon
(0, 0, D:3)
  a +0 flail
(4, -1, D:3)
  a cursed -2 flail
  a +0 leather armour of cold resistance
  an orc skeleton
(6, -2, D:3)
  a +0 flail
  4 tomahawks
(8, -6, D:3)
  a +0 club
  a +0 leather armour
(8, -5, D:3)
  a +0 hand axe
  a +0 chain mail
(12, 4, D:3)
  a potion of heal wounds
(16, 0, D:3)
  a +0 flail
  (unseen)

