Qinaano

Level 1 of the Dungeon
(13, 19, D:1)
  15 stones
(22, 27, D:1)
  24 stones
(29, 34, D:1)
  a +0 club
(36, 33, D:1)
  a +0 short sword
(37, 27, D:1)
  18 stones
(39, 22, D:1)
  a +0 ring mail
(40, 23, D:1)
  a +0 club

Level 2 of the Dungeon
(0, 0, D:2)
  24 arrows
(5, 12, D:2)
  a +0 plate armour
(6, 13, D:2)
  24 poisoned needles
(7, 6, D:2)
  a +0 whip
  3 stones
(8, 24, D:2)
  a +0 leather armour
  a +0 dagger
  a +0 ring mail
(19, 7, D:2)
  a +0 dagger
(22, 19, D:2)
  a +0 hand axe
(29, 29, D:2)
  27 stones
(32, 24, D:2)
  a +0 whip
  a +0 ring mail
(34, 41, D:2)
  a +0 club
(37, 7, D:2)
  a stone
(38, 6, D:2)
  a +0 short sword
(38, 7, D:2)
  a +0 short sword
  2 stones

Level 3 of the Dungeon
(0, 0, D:3)
  an orc corpse
(0, 1, D:3)
  a cursed -1 dagger
  (unseen)
(10, -4, D:3)
  12 gold pieces

