Murtunor

Level 1 of the Dungeon
(5, 40, D:1)
  a +0 hunting sling
(9, 6, D:1)
  a +0 short sword
(10, -20, D:1)
  a +0 robe
(14, -22, D:1)
  a +0 club
(14, 3, D:1)
  21 arrows
(17, -7, D:1)
  a +0 robe
(27, -4, D:1)
  a +0 club
(31, -1, D:1)
  a +0 dagger
(33, -20, D:1)
  a +0 robe
(40, 24, D:1)
  17 arrows
(42, -7, D:1)
  a +0 robe

Level 2 of the Dungeon
(0, 0, D:2)
  a +0 hand axe
(3, -25, D:2)
  a +0 robe
(14, -25, D:2)
  a +0 club
(19, -5, D:2)
  a +0 club
(25, 7, D:2)
  a +0 club
  a +0 dagger
(44, 12, D:2)
  a +0 dagger
(47, 18, D:2)
  a +0 spear

Level 3 of the Dungeon
(0, 0, D:3)
  a +0 mace
(2, 4, D:3)
  a +0 leather armour
(20, 4, D:3)
  a cursed -2 spear
(35, 2, D:3)
  a +0 club
(36, -18, D:3)
  a +0 whip
(39, -24, D:3)
  a +0 mace of venom
(43, -33, D:3)
  a +0 whip
(53, 2, D:3)
  a +0 leather armour
(54, -17, D:3)
  a +0 giant spiked club
(54, -5, D:3)
  a +0 dagger
  a +0 club
(54, -4, D:3)
  a +0 trident
  a +0 ring mail
  a +0 short sword
  a +0 club
(64, -21, D:3)
  a +0 club
(65, -2, D:3)
  a +0 dagger
(66, -26, D:3)
  a +0 dagger
(67, -25, D:3)
  a +0 club
  a +0 leather armour
  a +0 hand axe
(67, -24, D:3)
  a +0 flail

Level 4 of the Dungeon
(0, 0, D:4)
  a +0 long sword
(3, 14, D:4)
  a +0 quarterstaff
(9, 3, D:4)
  a +0 robe
(15, 3, D:4)
  a +0 flail

Level 5 of the Dungeon
(0, 0, D:5)
  a +0 trident
  a +0 ring mail
(2, 17, D:5)
  a +0 giant spiked club
(3, 2, D:5)
  a +0 robe
(7, -1, D:5)
  7 sling bullets
(10, 7, D:5)
  a +0 giant club
(11, 29, D:5)
  22 arrows
(17, -6, D:5)
  a +0 hand axe
(17, -5, D:5)
  a +0 short sword
  a +0 dagger
  a +0 robe
(18, -5, D:5)
  a +0 short sword
  a +0 leather armour
(30, 11, D:5)
  a +0 leather armour
(30, 12, D:5)
  a +0 falchion
  a +0 hand axe
  a +0 leather armour
(37, 3, D:5)
  a book of Changes
(38, 11, D:5)
  a +0 ring mail
(44, 10, D:5)
  a +0 dagger

Level 6 of the Dungeon
[Shop] Eraton's Jewellery Boutique
  a cursed -2 ring of strength (20 gold)
  an uncursed ring of flight (175 gold)
  an uncursed amulet of faith (400 gold)
  an uncursed ring of wizardry (300 gold)
  an uncursed ring of see invisible (150 gold)
  a +2 ring of intelligence (75 gold)
  an uncursed amulet of faith (400 gold)
  an uncursed amulet of guardian spirit (300 gold)
  an uncursed ring of protection from magic (250 gold)
  a +4 ring of strength (270 gold)
  an uncursed ring of see invisible (150 gold)
(0, 0, D:6)
  a throwing net
(4, -15, D:6)
  a potion of resistance
(4, -10, D:6)
  an arrow
(5, -11, D:6)
  an arrow
(7, -15, D:6)
  a scorpion corpse
(7, -12, D:6)
  an arrow
(8, -16, D:6)
  a soldier ant corpse
(8, -14, D:6)
  a +0 great sword
  a +0 shortbow
  16 arrows
(14, -20, D:6)
  a +0 robe
(21, -8, D:6)
  a +0 leather armour
(31, 10, D:6)
  a +0 dagger of protection
(36, -15, D:6)
  18 bolts
(47, -16, D:6)
  3 arrows
(47, -10, D:6)
  a +2 shortbow of freezing
  15 arrows

