Helikk

Level 1 of the Dungeon
(0, 0, D:1)
  a +0 dagger
(20, 22, D:1)
  a stone
  4 large rocks
(20, 24, D:1)
  2 stones
(20, 29, D:1)
  a stone
(33, 52, D:1)
  a +0 dagger
(33, 53, D:1)
  a +0 club
(34, -3, D:1)
  a +0 robe
(35, 48, D:1)
  17 bolts
(39, 46, D:1)
  8 needles of sleeping
(43, -2, D:1)
  a cursed -2 club

Level 2 of the Dungeon
(0, 0, D:2)
  a +1 naga barding
(13, -20, D:2)
  a -2 hand axe
(17, -30, D:2)
  a +0 robe
(19, -7, D:2)
  14 sling bullets
(30, -30, D:2)
  a +0 whip
(31, -30, D:2)
  a +0 short sword
(40, -20, D:2)
  a +0 club
  a +0 dagger
(47, -19, D:2)
  a +0 club
(48, 6, D:2)
  21 arrows
(55, 7, D:2)
  18 bolts
(55, 10, D:2)
  a +0 club

Level 3 of the Dungeon
(0, 0, D:3)
  16 arrows
(4, -3, D:3)
  a +0 club
(15, -11, D:3)
  13 bolts
(26, -3, D:3)
  a +0 short sword
(30, -3, D:3)
  a +0 flail
(31, -4, D:3)
  a +0 club
(32, -3, D:3)
  a +0 club
(33, -3, D:3)
  a +0 whip
(35, -1, D:3)
  a +0 robe
(35, 23, D:3)
  23 bolts
(36, -2, D:3)
  a +0 dagger
(36, 39, D:3)
  a +0 robe
(44, 35, D:3)
  a +0 cloak

Level 4 of the Dungeon
(0, 0, D:4)
  a scroll of identify
(2, 0, D:4)
  a scroll of amnesia
(2, 8, D:4)
  a +0 ring mail
(2, 10, D:4)
  a scroll of identify
(9, 30, D:4)
  14 stones
(13, 17, D:4)
  a +0 short sword of draining

