Lokerig

Level 1 of the Dungeon
(0, 0, D:1)
  22 stones
(5, -39, D:1)
  a +0 club
(6, -57, D:1)
  12 bolts
(7, -19, D:1)
  22 stones
(20, -9, D:1)
  26 stones
(22, -48, D:1)
  3 stones
(22, -47, D:1)
  a stone
(23, -48, D:1)
  a stone
(24, -49, D:1)
  a +0 whip
(35, -33, D:1)
  25 bolts
(39, -24, D:1)
  a +0 club
(42, -54, D:1)
  a cursed -3 club
  a +0 club
(49, -11, D:1)
  a +0 club
(53, -42, D:1)
  a +0 club
(57, -44, D:1)
  11 stones

Level 2 of the Dungeon
(0, 0, D:2)
  a +0 robe
(4, -2, D:2)
  a +0 club
(7, 2, D:2)
  a cursed -1 club
(8, 13, D:2)
  a +0 dagger
(18, 25, D:2)
  a +0 robe
(23, 18, D:2)
  a +0 leather armour
(23, 27, D:2)
  a +0 leather armour
(26, 17, D:2)
  8 needles of confusion
(28, 18, D:2)
  10 stones
(30, 15, D:2)
  a +0 club
(30, 21, D:2)
  a +0 leather armour
(31, 25, D:2)
  a +0 hunting sling
(34, 7, D:2)
  2 needles of confusion
(35, 12, D:2)
  a +0 war axe
(37, 19, D:2)
  14 bolts
(42, 23, D:2)
  a +0 club

Level 3 of the Dungeon
(0, 0, D:3)
  a ration
(3, 0, D:3)
  a +0 dagger
  (unseen)
(3, 1, D:3)
  a +2 dagger of electrocution
  (unseen)
(4, 1, D:3)
  a +0 mace (still there?)
  a scroll of magic mapping (still there?)
(5, 2, D:3)
  14 sling bullets
(6, -4, D:3)
  a cursed +0 pair of boots
(7, -1, D:3)
  a tomahawk
(7, 1, D:3)
  a tomahawk
(17, 6, D:3)
  a +0 short sword
  a +0 chain mail
(18, 0, D:3)
  a +0 war axe
(21, 3, D:3)
  22 bolts
(22, 8, D:3)
  a rat skeleton
(29, 16, D:3)
  14 stones
(29, 24, D:3)
  a cursed +0 club
(30, 15, D:3)
  22 stones
(35, 4, D:3)
  16 stones

