Krugg

Level 1 of the Dungeon
(0, 0, D:1)
  a +0 chain mail
(6, 4, D:1)
  a +0 mace
(6, 18, D:1)
  a +0 club
(8, 17, D:1)
  a +0 spear
(15, 1, D:1)
  a +0 club
(18, -6, D:1)
  a +0 dagger
(23, -13, D:1)
  a +0 whip
(30, -9, D:1)
  a +0 dagger
(33, 11, D:1)
  a +1 vampiric dagger
(37, 18, D:1)
  a +0 short sword
(39, -1, D:1)
  a cursed -3 club

Level 2 of the Dungeon
(0, 0, D:2)
  a +0 club
(13, 5, D:2)
  a +0 club
(14, -20, D:2)
  a +0 club
(16, -19, D:2)
  22 sling bullets
(25, 23, D:2)
  a +0 short sword
(30, 16, D:2)
  a +0 dagger

Level 3 of the Dungeon
(0, 0, D:3)
  a +0 long sword
(11, -16, D:3)
  a +0 flail
  a tomahawk
  a +0 leather armour
(12, -15, D:3)
  a +0 flail
(12, -14, D:3)
  2 tomahawks
(12, -13, D:3)
  a tomahawk
(15, 6, D:3)
  a +0 mace
(16, 9, D:3)
  a +0 club
(21, -2, D:3)
  a +0 dagger

