Tellognor

Level 1 of the Dungeon
(0, 0, D:1)
  a +0 mace
(2, -22, D:1)
  a +0 club
(3, 3, D:1)
  a +0 dagger
(5, -4, D:1)
  a +0 club
(15, -5, D:1)
  a +0 hunting sling
(27, -4, D:1)
  a +0 scale mail
(30, -6, D:1)
  a +0 dagger
(31, -16, D:1)
  19 stones
(35, -30, D:1)
  a +0 short sword
(44, -24, D:1)
  a +0 hunting sling

Level 2 of the Dungeon
(0, 0, D:2)
  16 stones
(1, -26, D:2)
  15 stones
(7, -20, D:2)
  6 stones
(8, 2, D:2)
  a +0 ring mail
(13, -11, D:2)
  a +0 hunting sling
(16, -16, D:2)
  a +0 spear
(16, -14, D:2)
  a +0 club
  a +0 hunting sling
  10 stones
(16, -13, D:2)
  a +0 club
(26, -39, D:2)
  14 poisoned needles
(27, -6, D:2)
  a +0 hand axe
(37, -36, D:2)
  6 tomahawks
(42, -13, D:2)
  a +0 mace
(46, -13, D:2)
  a +0 hunting sling
  14 stones
(48, -22, D:2)
  a +0 dagger
(48, -13, D:2)
  a stone

Level 3 of the Dungeon
(0, 0, D:3)
  a +0 dagger
(2, 2, D:3)
  a +0 club

