Mishrakknor

Level 1 of the Dungeon
(0, 0, D:1)
  a +0 club
(16, -44, D:1)
  21 arrows
(22, -29, D:1)
  a +0 club
(25, -20, D:1)
  a +0 club
(25, -19, D:1)
  a +0 club
(25, 0, D:1)
  a +0 club
(28, -19, D:1)
  a +0 club
(37, -35, D:1)
  a +0 club
(40, -19, D:1)
  2 tomahawks
(45, 4, D:1)
  a +0 dagger
(50, -33, D:1)
  a +0 spear

Level 2 of the Dungeon
(0, 0, D:2)
  a +0 robe
(14, 12, D:2)
  a +0 club
(15, -23, D:2)
  a +0 whip
  a cursed +0 robe
  a +0 club
(37, -8, D:2)
  a +0 club
(41, 4, D:2)
  a +0 robe
(45, 12, D:2)
  a +0 dagger
(47, 2, D:2)
  a +0 club
(68, -7, D:2)
  a +0 robe

Level 3 of the Dungeon
(0, 0, D:3)
  a +0 leather armour
(10, -8, D:3)
  a cursed +0 dagger
  a +0 blowgun
  7 poisoned needles
(11, 2, D:3)
  a +0 hunting sling
(12, -1, D:3)
  a +0 whip
  a +0 leather armour
(13, -1, D:3)
  a +0 short sword
  a +0 ring mail
  a +0 short sword
  a +0 hand axe
  a +0 leather armour
(13, 4, D:3)
  17 arrows
(14, -22, D:3)
  a +0 hand axe
  a cursed +0 scale mail
(17, -5, D:3)
  a +0 leather armour
(23, -25, D:3)
  11 stones
(28, 13, D:3)
  a +0 club
(28, 14, D:3)
  a +0 dagger
  a +0 leather armour
(34, -34, D:3)
  a +0 ring mail
(43, -24, D:3)
  a +0 club
  a +0 dagger
(44, -5, D:3)
  6 stones
(44, 2, D:3)
  a +0 spear
(51, -24, D:3)
  9 arrows

Level 4 of the Dungeon
(0, 0, D:4)
  a +0 mace
(2, -19, D:4)
  a +0 club
(7, 1, D:4)
  a +0 club
  a +1 leather armour of magic resistance
(11, 17, D:4)
  a +0 giant spiked club
(14, -35, D:4)
  a +0 ring mail
  a +0 dagger
  a +0 leather armour
  a +0 trident
(15, -35, D:4)
  a +0 dagger
(16, -34, D:4)
  a +0 robe
  a +0 dagger
(19, 22, D:4)
  a +0 hand axe
(25, 13, D:4)
  a +0 robe
(26, -32, D:4)
  a +0 whip
(30, 4, D:4)
  a +0 short sword
(31, -33, D:4)
  7 stones
(32, -30, D:4)
  a +2 dagger of protection
  a +0 robe
(34, 15, D:4)
  a +0 giant spiked club
(35, 1, D:4)
  a +0 falchion
(39, 9, D:4)
  a cursed +0 leather armour
(43, 11, D:4)
  12 stones
(46, -35, D:4)
  a +0 dagger
(51, -27, D:4)
  a +0 leather armour

Level 5 of the Dungeon
(0, 0, D:5)
  an uncursed ring of attention
(3, 14, D:5)
  26 bolts
(5, 37, D:5)
  15 stones
(21, -3, D:5)
  a +0 giant club
(22, 9, D:5)
  a +0 whip
(28, 22, D:5)
  a +0 ring mail
(34, 2, D:5)
  a +0 leather armour
(41, -4, D:5)
  18 stones
(47, -18, D:5)
  19 bolts
(65, -2, D:5)
  a +0 hunting sling

Level 6 of the Dungeon
(0, 0, D:6)
  a ration
(8, 4, D:6)
  a +0 club
(10, 4, D:6)
  a hound corpse

