Prenyash

Level 1 of the Dungeon
(0, 0, D:1)
  a +0 club
(2, -33, D:1)
  a cursed -1 club
(6, -22, D:1)
  a +0 short sword
  a +0 club
(11, -47, D:1)
  a +0 buckler
(17, -27, D:1)
  a +0 dagger of protection
(18, -44, D:1)
  a +0 club
(27, -24, D:1)
  a cursed +0 robe
(35, -30, D:1)
  a stone
(35, -29, D:1)
  a stone
(36, -30, D:1)
  a stone
(36, -13, D:1)
  a +0 whip
(39, -44, D:1)
  a +0 hand axe
(39, -30, D:1)
  a +0 short sword
(42, -31, D:1)
  a +0 leather armour
(52, -22, D:1)
  a +0 club
(52, -2, D:1)
  a +0 club
(54, -30, D:1)
  18 stones

Level 2 of the Dungeon
(0, 0, D:2)
  a +0 spear
(1, 0, D:2)
  a +0 short sword
(3, -8, D:2)
  a +0 leather armour
(9, 19, D:2)
  a +0 short sword
  a +0 robe
(10, 1, D:2)
  a +0 pair of gloves
(10, 17, D:2)
  a +0 whip
  a +0 flail
(11, -8, D:2)
  31 arrows
(11, 17, D:2)
  a +0 club
(12, -15, D:2)
  a +0 spear
(15, -25, D:2)
  a +0 club
(22, 17, D:2)
  a +0 club
(24, -11, D:2)
  a stone
(24, 15, D:2)
  a +0 dagger
(25, -9, D:2)
  a stone
(25, -8, D:2)
  a stone
(25, -6, D:2)
  a stone
(25, -5, D:2)
  a stone
(31, -17, D:2)
  a +0 cloak
(34, -1, D:2)
  a +0 whip
  2 stones
(37, 1, D:2)
  a +0 dagger
  a +0 hunting sling
(38, -19, D:2)
  a +0 naga barding

Level 3 of the Dungeon
(0, 0, D:3)
  20 arrows
(3, -10, D:3)
  17 sling bullets
(4, 20, D:3)
  a +0 club
(7, 15, D:3)
  a +0 club
(12, 28, D:3)
  a +0 club
(12, 29, D:3)
  21 stones
(18, 39, D:3)
  21 stones
(19, 3, D:3)
  a +0 hunting sling
(22, 13, D:3)
  a +0 club
(38, 27, D:3)
  25 stones
(53, 25, D:3)
  a +0 hand axe

Level 4 of the Dungeon
(0, 0, D:4)
  7 javelins
(7, -8, D:4)
  a +0 flail
(12, 8, D:4)
  a +0 hand axe
(21, -10, D:4)
  a +0 halberd
(22, -8, D:4)
  a +0 club
(22, -2, D:4)
  19 stones
(24, -7, D:4)
  a +0 halberd
(31, 2, D:4)
  a +0 short sword
(39, -11, D:4)
  a +0 long sword

Level 5 of the Dungeon
(0, 0, D:5)
  24 bolts
(13, -13, D:5)
  a +0 buckler
(20, -4, D:5)
  an adder skeleton
(22, 11, D:5)
  a +1 scythe of venom
  a +0 robe
(27, -22, D:5)
  a +0 long sword
(27, -7, D:5)
  a scroll of remove curse
(34, -10, D:5)
  11 gold pieces
(34, -9, D:5)
  29 gold pieces
(34, -8, D:5)
  13 gold pieces
(34, -7, D:5)
  a ration
(34, -6, D:5)
  an uncursed ring of ice
(35, -10, D:5)
  4 gold pieces
(35, -6, D:5)
  13 gold pieces
(39, -19, D:5)
  a +0 giant spiked club
(45, -1, D:5)
  a book of Misfortune
(50, 0, D:5)
  a +0 hunting sling
(51, -1, D:5)
  a potion of curing

the Ecumenical Temple

