Mephinitor

Level 1 of the Dungeon
(0, 0, D:1)
  a +0 short sword
(1, 1, D:1)
  20 arrows
(7, -4, D:1)
  a +0 short sword
(9, -12, D:1)
  a +0 hand axe
(12, 32, D:1)
  a +0 club
(15, 22, D:1)
  18 arrows
(19, 30, D:1)
  a +0 robe
(20, -21, D:1)
  a cursed +0 leather armour
(25, 11, D:1)
  29 arrows
(29, -10, D:1)
  a +0 club
(30, -22, D:1)
  a stone
(30, -21, D:1)
  a +0 short sword
  a +0 whip
(30, -14, D:1)
  a +0 club
(30, 0, D:1)
  a cursed +0 leather armour
(30, 2, D:1)
  a +0 club
(45, -14, D:1)
  12 stones
(46, -7, D:1)
  a +0 robe
(51, -11, D:1)
  a +0 dagger

Level 2 of the Dungeon
(0, 0, D:2)
  a +0 ring mail
(9, -11, D:2)
  27 bolts
(10, 20, D:2)
  13 sling bullets
(13, 25, D:2)
  a +0 mace
(14, -11, D:2)
  16 sling bullets
(14, 26, D:2)
  a +4 quarterstaff of chaos
(22, 24, D:2)
  a +0 centaur barding
(24, 9, D:2)
  a cursed +0 ring mail
(26, 6, D:2)
  a +0 whip
(27, 5, D:2)
  14 poisoned needles
(33, -9, D:2)
  16 arrows
(34, -20, D:2)
  31 sling bullets
(38, -10, D:2)
  21 stones
(44, -10, D:2)
  a +0 scale mail
(53, -15, D:2)
  a +0 leather armour
(62, 8, D:2)
  a +0 club

Level 3 of the Dungeon
(0, 0, D:3)
  a scroll of teleportation
(1, 8, D:3)
  8 gold pieces
(5, 4, D:3)
  a +0 spear

