Bellanimi

Level 1 of the Dungeon
(0, 0, D:1)
  a +0 scale mail
(3, -1, D:1)
  a +0 robe
(3, 28, D:1)
  19 bolts
(5, 19, D:1)
  a +0 dagger
(8, -7, D:1)
  a +0 club
(14, -1, D:1)
  a +0 short sword
(14, 34, D:1)
  a +0 club
(16, -1, D:1)
  a +0 club
(23, -5, D:1)
  a +0 club
(27, 34, D:1)
  a +0 club
(30, -13, D:1)
  a +0 club
(31, 32, D:1)
  a +0 club
(33, 35, D:1)
  a +0 leather armour
(36, 34, D:1)
  a +0 club
(42, 35, D:1)
  a +0 dagger
(43, -12, D:1)
  a +0 leather armour
(47, 7, D:1)
  17 stones

Level 2 of the Dungeon
(0, 0, D:2)
  8 arrows
(12, 8, D:2)
  15 stones
(22, 27, D:2)
  a +0 club
(23, 17, D:2)
  3 stones
(23, 29, D:2)
  a +0 club
(25, 18, D:2)
  a stone
(27, 27, D:2)
  3 needles of sleeping
(28, 27, D:2)
  a cursed -1 club
  a +0 hunting sling
  10 stones
(34, 23, D:2)
  a +0 scale mail
(40, 0, D:2)
  a +0 robe
(49, 32, D:2)
  a +0 buckler
(54, 9, D:2)
  a +0 club

Level 3 of the Dungeon
(3, 8, D:3)
  a +0 dagger
(3, 17, D:3)
  a +0 club
(4, 32, D:3)
  a +0 robe
(12, 8, D:3)
  a +0 leather armour
(14, 22, D:3)
  a cursed +0 short sword
  2 stones
(19, 21, D:3)
  a +0 dagger
(20, 21, D:3)
  a stone
(21, 21, D:3)
  a stone
(28, 14, D:3)
  a +0 hunting sling
  25 stones
(28, 35, D:3)
  a +0 shield
(31, 6, D:3)
  a +0 club
(31, 14, D:3)
  a +0 robe
(32, 7, D:3)
  a +0 club
(32, 14, D:3)
  a stone
(35, 5, D:3)
  a +0 club
(39, 33, D:3)
  a +0 dagger
  a +0 robe
(45, 31, D:3)
  17 stones
(45, 38, D:3)
  a +0 club
(46, 34, D:3)
  a +0 club
(50, 28, D:3)
  25 stones
(51, 28, D:3)
  16 sling bullets
(53, 35, D:3)
  a +0 club
(61, 10, D:3)
  a +0 club

Level 4 of the Dungeon
(0, 0, D:4)
  a +0 ring mail
(21, 4, D:4)
  a +0 whip
(28, -9, D:4)
  16 sling bullets
(39, 2, D:4)
  a +0 whip

Level 5 of the Dungeon
[Shop] Oqy Deuhox's Antique Armour Shop
  a +0 ring mail (84 gold)
  a +0 robe (14 gold)
  a +0 cloak (94 gold)
  a +0 ring mail (84 gold)
  a +2 plate armour of cold resistance (840 gold)
  a +0 chain mail (94 gold)
  the +4 moon troll leather armour {Spirit, Regen++ MP+5} (1144 gold)
    It affects your magic capacity (+5).
    It increases your rate of regeneration.
(0, 0, D:5)
  a +0 leather armour
(2, 18, D:5)
  a +0 leather armour
(12, -12, D:5)
  a +0 hand axe
(22, -16, D:5)
  a tomahawk
(23, -15, D:5)
  a +0 dagger
  a +0 ring mail
(24, -13, D:5)
  a +0 hand axe
(24, -4, D:5)
  a +0 scale mail
(24, -3, D:5)
  a +0 scale mail
(25, -12, D:5)
  a +0 mace
(26, -11, D:5)
  a +0 flail
  4 tomahawks
(27, 8, D:5)
  21 arrows
(28, 30, D:5)
  a +0 trident
(29, 29, D:5)
  a cursed -3 short sword
  a +0 scale mail
(31, -14, D:5)
  8 arrows
(33, 30, D:5)
  a +0 dagger
  a +0 robe
(35, -16, D:5)
  a +0 whip
(37, 26, D:5)
  a +0 dagger
  a +0 leather armour
(41, -20, D:5)
  4 tomahawks
(45, 0, D:5)
  20 stones
(49, -1, D:5)
  22 stones
(52, 0, D:5)
  a +0 dagger
  a +0 ring mail

Level 6 of the Dungeon
(0, 0, D:6)
  a +0 short sword
(5, -11, D:6)
  23 stones
(9, -2, D:6)
  a bullfrog corpse
(11, 6, D:6)
  a potion of curing
(12, 5, D:6)
  a giant cockroach corpse
(12, 8, D:6)
  12 gold pieces
(14, 2, D:6)
  a worker ant corpse
(16, -8, D:6)
  a +0 shield
(17, -16, D:6)
  a +0 falchion
(19, -9, D:6)
  13 gold pieces

