Aaxrintus

Level 1 of the Dungeon
(0, 0, D:1)
  a +0 hunting sling
(2, -17, D:1)
  a +0 hunting sling
(3, 4, D:1)
  a +0 dagger
(16, 18, D:1)
  a +0 dagger
(23, -27, D:1)
  a +0 short sword
(26, -26, D:1)
  a +0 club
(27, -26, D:1)
  a +0 club
(27, 9, D:1)
  a +0 spear
(28, -27, D:1)
  5 stones
(29, -11, D:1)
  a +0 club
(31, 22, D:1)
  12 poisoned needles
(37, -13, D:1)
  19 stones
(38, -13, D:1)
  25 sling bullets
(41, -32, D:1)
  a +0 hand axe
(44, 1, D:1)
  25 stones
(47, -9, D:1)
  a +0 short sword
(49, -7, D:1)
  3 stones
(54, -12, D:1)
  a +0 hunting sling

Level 2 of the Dungeon
(0, 0, D:2)
  a +0 leather armour
(1, -11, D:2)
  19 arrows
(3, 25, D:2)
  a +0 leather armour
(7, 6, D:2)
  a +0 club
(8, 6, D:2)
  a +0 club
(11, 13, D:2)
  16 arrows
(11, 14, D:2)
  a +0 club
(14, 1, D:2)
  a +0 chain mail
(15, 3, D:2)
  a +0 hand axe
(30, -14, D:2)
  a +0 short sword
(32, 14, D:2)
  a stone
(33, 14, D:2)
  a stone

Level 3 of the Dungeon
(0, 0, D:3)
  28 stones
(2, 3, D:3)
  a +0 club
(5, -9, D:3)
  2 stones
(23, 7, D:3)
  a +0 short sword
  a +0 blowgun
  2 poisoned needles
(24, 7, D:3)
  a +0 dagger
(25, 9, D:3)
  a poisoned needle
(28, 13, D:3)
  a poisoned needle
(34, 2, D:3)
  a +0 spear
  a +0 club
(34, 5, D:3)
  a +0 robe
  a +0 dagger
  a +0 robe
  a +0 dagger
  a +0 mace
(34, 7, D:3)
  a cursed -3 hand axe
  a +0 leather armour
(34, 11, D:3)
  a +0 ring mail
(34, 13, D:3)
  a +0 whip
(34, 21, D:3)
  a +0 flail
(37, 1, D:3)
  a +0 short sword
(44, -1, D:3)
  a +0 trident
(44, 25, D:3)
  24 sling bullets
(47, 19, D:3)
  a +0 dagger
  a +0 leather armour

Level 4 of the Dungeon
(0, 0, D:4)
  a +0 scale mail
  a +0 club
(2, -15, D:4)
  a potion of invisibility
(2, -14, D:4)
  a +0 plate armour
(19, 0, D:4)
  a +0 trident

