Riqqushi

Level 1 of the Dungeon
(0, 0, D:1)
  a +0 hunting sling
(4, -1, D:1)
  24 stones
(5, 16, D:1)
  a +0 ring mail
(5, 19, D:1)
  a stone
(10, 7, D:1)
  a +0 short sword
(11, 26, D:1)
  6 javelins
(12, 4, D:1)
  17 stones
(13, 46, D:1)
  a +0 leather armour
(14, 13, D:1)
  a +0 short sword
(18, 2, D:1)
  a +0 club
(18, 33, D:1)
  27 arrows
(20, 22, D:1)
  a cursed -1 club
(23, 20, D:1)
  23 bolts
(23, 32, D:1)
  20 arrows
(23, 41, D:1)
  a +0 buckler
(24, 35, D:1)
  13 arrows
(46, 3, D:1)
  a +0 leather armour

Level 2 of the Dungeon
(0, 0, D:2)
  14 stones
(21, 4, D:2)
  a +0 rapier
(32, 3, D:2)
  22 arrows
(36, 12, D:2)
  a bat skeleton
(38, -14, D:2)
  6 gold pieces
(38, -13, D:2)
  a +0 dagger
  (unseen)
(39, -13, D:2)
  a scroll of remove curse
(40, -7, D:2)
  a scroll of fog
(40, 6, D:2)
  22 bolts
(43, 13, D:2)
  14 arrows

