Trinica

Level 1 of the Dungeon
(0, 0, D:1)
  a +0 leather armour
(2, -11, D:1)
  a giant cockroach corpse
(3, -11, D:1)
  a +0 mace
(3, 0, D:1)
  a +0 short sword
  a kobold corpse
(3, 19, D:1)
  a +0 club
(4, -11, D:1)
  25 stones
(9, 32, D:1)
  14 bolts
(10, 10, D:1)
  a +0 club
(14, -13, D:1)
  a +0 dagger
(39, -11, D:1)
  21 stones
(42, -6, D:1)
  a +0 dagger
(42, -4, D:1)
  a cursed +0 club
(44, -8, D:1)
  a +0 club
(44, 9, D:1)
  a cursed -3 dagger
(45, 9, D:1)
  a cursed +0 dagger

Level 2 of the Dungeon
(6, -22, D:2)
  a +0 mace
(18, -26, D:2)
  11 gold pieces
(29, -19, D:2)
  28 bolts

